  [1m[35m (1.8ms)[0m  [1m[34mSELECT sqlite_version(*)[0m
  [1m[35m (0.9ms)[0m  [1m[35mCREATE TABLE "schema_migrations" ("version" varchar NOT NULL PRIMARY KEY)[0m
  [1m[35m (1.0ms)[0m  [1m[35mCREATE TABLE "ar_internal_metadata" ("key" varchar NOT NULL PRIMARY KEY, "value" varchar, "created_at" datetime(6) NOT NULL, "updated_at" datetime(6) NOT NULL)[0m
  [1m[35m (0.1ms)[0m  [1m[34mSELECT "schema_migrations"."version" FROM "schema_migrations" ORDER BY "schema_migrations"."version" ASC[0m
Migrating to CreateUsers (20200521182803)
  [1m[35m (0.1ms)[0m  [1m[36mbegin transaction[0m
  [1m[35m (0.5ms)[0m  [1m[35mCREATE TABLE "users" ("id" integer PRIMARY KEY AUTOINCREMENT NOT NULL, "username" varchar, "password" varchar, "address" varchar, "email" varchar, "created_at" datetime(6) NOT NULL, "updated_at" datetime(6) NOT NULL)[0m
  [1m[36mprimary::SchemaMigration Create (0.1ms)[0m  [1m[32mINSERT INTO "schema_migrations" ("version") VALUES (?)[0m  [["version", "20200521182803"]]
  [1m[35m (0.7ms)[0m  [1m[36mcommit transaction[0m
Migrating to CreateCarts (20200521183212)
  [1m[35m (0.1ms)[0m  [1m[36mbegin transaction[0m
  [1m[35m (0.7ms)[0m  [1m[35mCREATE TABLE "carts" ("id" integer PRIMARY KEY AUTOINCREMENT NOT NULL, "user_id" integer, "order_id" integer, "created_at" datetime(6) NOT NULL, "updated_at" datetime(6) NOT NULL)[0m
  [1m[36mprimary::SchemaMigration Create (0.1ms)[0m  [1m[32mINSERT INTO "schema_migrations" ("version") VALUES (?)[0m  [["version", "20200521183212"]]
  [1m[35m (0.7ms)[0m  [1m[36mcommit transaction[0m
Migrating to CreateProducts (20200521183702)
  [1m[35m (0.0ms)[0m  [1m[36mbegin transaction[0m
  [1m[35m (0.4ms)[0m  [1m[35mCREATE TABLE "products" ("id" integer PRIMARY KEY AUTOINCREMENT NOT NULL, "name" varchar, "price" integer, "description" varchar, "image" varchar, "created_at" datetime(6) NOT NULL, "updated_at" datetime(6) NOT NULL)[0m
  [1m[36mprimary::SchemaMigration Create (0.1ms)[0m  [1m[32mINSERT INTO "schema_migrations" ("version") VALUES (?)[0m  [["version", "20200521183702"]]
  [1m[35m (0.7ms)[0m  [1m[36mcommit transaction[0m
Migrating to CreateOrders (20200521183912)
  [1m[35m (0.1ms)[0m  [1m[36mbegin transaction[0m
  [1m[35m (0.5ms)[0m  [1m[35mCREATE TABLE "orders" ("id" integer PRIMARY KEY AUTOINCREMENT NOT NULL, "product_id" integer, "cart_id" integer, "created_at" datetime(6) NOT NULL, "updated_at" datetime(6) NOT NULL)[0m
  [1m[36mprimary::SchemaMigration Create (0.3ms)[0m  [1m[32mINSERT INTO "schema_migrations" ("version") VALUES (?)[0m  [["version", "20200521183912"]]
  [1m[35m (1.1ms)[0m  [1m[36mcommit transaction[0m
  [1m[36mActiveRecord::InternalMetadata Load (0.2ms)[0m  [1m[34mSELECT "ar_internal_metadata".* FROM "ar_internal_metadata" WHERE "ar_internal_metadata"."key" = ? LIMIT ?[0m  [["key", "environment"], ["LIMIT", 1]]
  [1m[35m (0.1ms)[0m  [1m[36mbegin transaction[0m
  [1m[36mActiveRecord::InternalMetadata Create (0.4ms)[0m  [1m[32mINSERT INTO "ar_internal_metadata" ("key", "value", "created_at", "updated_at") VALUES (?, ?, ?, ?)[0m  [["key", "environment"], ["value", "development"], ["created_at", "2020-05-21 18:40:25.997384"], ["updated_at", "2020-05-21 18:40:25.997384"]]
  [1m[35m (1.2ms)[0m  [1m[36mcommit transaction[0m
  [1m[35m (0.1ms)[0m  [1m[34mSELECT sqlite_version(*)[0m
  [1m[35m (0.1ms)[0m  [1m[34mSELECT "schema_migrations"."version" FROM "schema_migrations" ORDER BY "schema_migrations"."version" ASC[0m
  [1m[35m (0.5ms)[0m  [1m[34mSELECT sqlite_version(*)[0m
  [1m[35m (0.9ms)[0m  [1m[35mCREATE TABLE "schema_migrations" ("version" varchar NOT NULL PRIMARY KEY)[0m
  [1m[35m (0.8ms)[0m  [1m[35mCREATE TABLE "ar_internal_metadata" ("key" varchar NOT NULL PRIMARY KEY, "value" varchar, "created_at" datetime(6) NOT NULL, "updated_at" datetime(6) NOT NULL)[0m
  [1m[35m (0.1ms)[0m  [1m[34mSELECT "schema_migrations"."version" FROM "schema_migrations" ORDER BY "schema_migrations"."version" ASC[0m
Migrating to CreateUsers (20200521182803)
  [1m[35m (0.0ms)[0m  [1m[36mbegin transaction[0m
  [1m[35m (0.3ms)[0m  [1m[35mCREATE TABLE "users" ("id" integer PRIMARY KEY AUTOINCREMENT NOT NULL, "username" varchar, "password_digest" varchar, "address" varchar, "email" varchar, "created_at" datetime(6) NOT NULL, "updated_at" datetime(6) NOT NULL)[0m
  [1m[36mprimary::SchemaMigration Create (0.2ms)[0m  [1m[32mINSERT INTO "schema_migrations" ("version") VALUES (?)[0m  [["version", "20200521182803"]]
  [1m[35m (0.7ms)[0m  [1m[36mcommit transaction[0m
Migrating to CreateCarts (20200521183212)
  [1m[35m (0.1ms)[0m  [1m[36mbegin transaction[0m
  [1m[35m (0.3ms)[0m  [1m[35mCREATE TABLE "carts" ("id" integer PRIMARY KEY AUTOINCREMENT NOT NULL, "user_id" integer, "order_id" integer, "created_at" datetime(6) NOT NULL, "updated_at" datetime(6) NOT NULL)[0m
  [1m[36mprimary::SchemaMigration Create (0.2ms)[0m  [1m[32mINSERT INTO "schema_migrations" ("version") VALUES (?)[0m  [["version", "20200521183212"]]
  [1m[35m (0.7ms)[0m  [1m[36mcommit transaction[0m
Migrating to CreateProducts (20200521183702)
  [1m[35m (0.1ms)[0m  [1m[36mbegin transaction[0m
  [1m[35m (0.6ms)[0m  [1m[35mCREATE TABLE "products" ("id" integer PRIMARY KEY AUTOINCREMENT NOT NULL, "name" varchar, "price" integer, "description" varchar, "image" varchar, "created_at" datetime(6) NOT NULL, "updated_at" datetime(6) NOT NULL)[0m
  [1m[36mprimary::SchemaMigration Create (0.2ms)[0m  [1m[32mINSERT INTO "schema_migrations" ("version") VALUES (?)[0m  [["version", "20200521183702"]]
  [1m[35m (0.7ms)[0m  [1m[36mcommit transaction[0m
Migrating to CreateOrders (20200521183912)
  [1m[35m (0.0ms)[0m  [1m[36mbegin transaction[0m
  [1m[35m (0.4ms)[0m  [1m[35mCREATE TABLE "orders" ("id" integer PRIMARY KEY AUTOINCREMENT NOT NULL, "product_id" integer, "cart_id" integer, "created_at" datetime(6) NOT NULL, "updated_at" datetime(6) NOT NULL)[0m
  [1m[36mprimary::SchemaMigration Create (0.2ms)[0m  [1m[32mINSERT INTO "schema_migrations" ("version") VALUES (?)[0m  [["version", "20200521183912"]]
  [1m[35m (0.9ms)[0m  [1m[36mcommit transaction[0m
  [1m[36mActiveRecord::InternalMetadata Load (0.3ms)[0m  [1m[34mSELECT "ar_internal_metadata".* FROM "ar_internal_metadata" WHERE "ar_internal_metadata"."key" = ? LIMIT ?[0m  [["key", "environment"], ["LIMIT", 1]]
  [1m[35m (0.1ms)[0m  [1m[36mbegin transaction[0m
  [1m[36mActiveRecord::InternalMetadata Create (0.4ms)[0m  [1m[32mINSERT INTO "ar_internal_metadata" ("key", "value", "created_at", "updated_at") VALUES (?, ?, ?, ?)[0m  [["key", "environment"], ["value", "development"], ["created_at", "2020-05-21 18:59:50.087510"], ["updated_at", "2020-05-21 18:59:50.087510"]]
  [1m[35m (0.8ms)[0m  [1m[36mcommit transaction[0m
  [1m[35m (0.0ms)[0m  [1m[34mSELECT sqlite_version(*)[0m
  [1m[35m (0.2ms)[0m  [1m[34mSELECT "schema_migrations"."version" FROM "schema_migrations" ORDER BY "schema_migrations"."version" ASC[0m
  [1m[35m (1.0ms)[0m  [1m[34mSELECT sqlite_version(*)[0m
  [1m[35m (0.4ms)[0m  [1m[34mSELECT "schema_migrations"."version" FROM "schema_migrations" ORDER BY "schema_migrations"."version" ASC[0m
  [1m[35m (0.1ms)[0m  [1m[34mSELECT "schema_migrations"."version" FROM "schema_migrations" ORDER BY "schema_migrations"."version" ASC[0m
  [1m[35m (0.1ms)[0m  [1m[34mSELECT "schema_migrations"."version" FROM "schema_migrations" ORDER BY "schema_migrations"."version" ASC[0m
  [1m[35m (0.1ms)[0m  [1m[34mSELECT "schema_migrations"."version" FROM "schema_migrations" ORDER BY "schema_migrations"."version" ASC[0m
Migrating to CreateOrders (20200521183912)
  [1m[35m (0.1ms)[0m  [1m[36mbegin transaction[0m
  [1m[35m (1.3ms)[0m  [1m[35mDROP TABLE "orders"[0m
  [1m[36mprimary::SchemaMigration Destroy (0.3ms)[0m  [1m[31mDELETE FROM "schema_migrations" WHERE "schema_migrations"."version" = ?[0m  [["version", "20200521183912"]]
  [1m[35m (0.7ms)[0m  [1m[36mcommit transaction[0m
  [1m[35m (0.0ms)[0m  [1m[34mSELECT sqlite_version(*)[0m
  [1m[35m (0.1ms)[0m  [1m[34mSELECT "schema_migrations"."version" FROM "schema_migrations" ORDER BY "schema_migrations"."version" ASC[0m
  [1m[35m (0.5ms)[0m  [1m[34mSELECT sqlite_version(*)[0m
  [1m[35m (0.9ms)[0m  [1m[35mCREATE TABLE "schema_migrations" ("version" varchar NOT NULL PRIMARY KEY)[0m
  [1m[35m (0.8ms)[0m  [1m[35mCREATE TABLE "ar_internal_metadata" ("key" varchar NOT NULL PRIMARY KEY, "value" varchar, "created_at" datetime(6) NOT NULL, "updated_at" datetime(6) NOT NULL)[0m
  [1m[35m (0.1ms)[0m  [1m[34mSELECT "schema_migrations"."version" FROM "schema_migrations" ORDER BY "schema_migrations"."version" ASC[0m
Migrating to CreateUsers (20200521182803)
  [1m[35m (0.1ms)[0m  [1m[36mbegin transaction[0m
  [1m[35m (0.4ms)[0m  [1m[35mCREATE TABLE "users" ("id" integer PRIMARY KEY AUTOINCREMENT NOT NULL, "username" varchar, "password_digest" varchar, "address" varchar, "email" varchar, "created_at" datetime(6) NOT NULL, "updated_at" datetime(6) NOT NULL)[0m
  [1m[36mprimary::SchemaMigration Create (0.1ms)[0m  [1m[32mINSERT INTO "schema_migrations" ("version") VALUES (?)[0m  [["version", "20200521182803"]]
  [1m[35m (0.7ms)[0m  [1m[36mcommit transaction[0m
Migrating to CreateCarts (20200521183212)
  [1m[35m (0.0ms)[0m  [1m[36mbegin transaction[0m
  [1m[35m (0.3ms)[0m  [1m[35mCREATE TABLE "carts" ("id" integer PRIMARY KEY AUTOINCREMENT NOT NULL, "user_id" integer, "created_at" datetime(6) NOT NULL, "updated_at" datetime(6) NOT NULL)[0m
  [1m[36mprimary::SchemaMigration Create (0.2ms)[0m  [1m[32mINSERT INTO "schema_migrations" ("version") VALUES (?)[0m  [["version", "20200521183212"]]
  [1m[35m (0.9ms)[0m  [1m[36mcommit transaction[0m
Migrating to CreateProducts (20200521183702)
  [1m[35m (0.0ms)[0m  [1m[36mbegin transaction[0m
  [1m[35m (0.4ms)[0m  [1m[35mCREATE TABLE "products" ("id" integer PRIMARY KEY AUTOINCREMENT NOT NULL, "name" varchar, "price" integer, "description" varchar, "image" varchar, "created_at" datetime(6) NOT NULL, "updated_at" datetime(6) NOT NULL)[0m
  [1m[36mprimary::SchemaMigration Create (0.1ms)[0m  [1m[32mINSERT INTO "schema_migrations" ("version") VALUES (?)[0m  [["version", "20200521183702"]]
  [1m[35m (0.7ms)[0m  [1m[36mcommit transaction[0m
Migrating to CreateOrders (20200521183912)
  [1m[35m (0.0ms)[0m  [1m[36mbegin transaction[0m
  [1m[35m (0.3ms)[0m  [1m[35mCREATE TABLE "orders" ("id" integer PRIMARY KEY AUTOINCREMENT NOT NULL, "product_id" integer, "cart_id" integer, "created_at" datetime(6) NOT NULL, "updated_at" datetime(6) NOT NULL)[0m
  [1m[36mprimary::SchemaMigration Create (0.1ms)[0m  [1m[32mINSERT INTO "schema_migrations" ("version") VALUES (?)[0m  [["version", "20200521183912"]]
  [1m[35m (0.7ms)[0m  [1m[36mcommit transaction[0m
  [1m[36mActiveRecord::InternalMetadata Load (0.1ms)[0m  [1m[34mSELECT "ar_internal_metadata".* FROM "ar_internal_metadata" WHERE "ar_internal_metadata"."key" = ? LIMIT ?[0m  [["key", "environment"], ["LIMIT", 1]]
  [1m[35m (0.1ms)[0m  [1m[36mbegin transaction[0m
  [1m[36mActiveRecord::InternalMetadata Create (0.3ms)[0m  [1m[32mINSERT INTO "ar_internal_metadata" ("key", "value", "created_at", "updated_at") VALUES (?, ?, ?, ?)[0m  [["key", "environment"], ["value", "development"], ["created_at", "2020-05-21 19:01:48.293920"], ["updated_at", "2020-05-21 19:01:48.293920"]]
  [1m[35m (0.6ms)[0m  [1m[36mcommit transaction[0m
  [1m[35m (0.1ms)[0m  [1m[34mSELECT sqlite_version(*)[0m
  [1m[35m (0.1ms)[0m  [1m[34mSELECT "schema_migrations"."version" FROM "schema_migrations" ORDER BY "schema_migrations"."version" ASC[0m
  [1m[35m (0.4ms)[0m  [1m[34mSELECT sqlite_version(*)[0m
  [1m[35m (0.1ms)[0m  [1m[34mSELECT "schema_migrations"."version" FROM "schema_migrations" ORDER BY "schema_migrations"."version" ASC[0m
  [1m[35m (0.0ms)[0m  [1m[34mSELECT sqlite_version(*)[0m
  [1m[36mUser Load (0.1ms)[0m  [1m[34mSELECT "users".* FROM "users"[0m
  [1m[36mOrder Load (0.2ms)[0m  [1m[34mSELECT "orders".* FROM "orders"[0m
  [1m[36mProduct Load (0.1ms)[0m  [1m[34mSELECT "products".* FROM "products"[0m
  [1m[36mCart Load (0.1ms)[0m  [1m[34mSELECT "carts".* FROM "carts"[0m
  [1m[35m (0.3ms)[0m  [1m[34mSELECT sqlite_version(*)[0m
  [1m[35m (0.1ms)[0m  [1m[34mSELECT "schema_migrations"."version" FROM "schema_migrations" ORDER BY "schema_migrations"."version" ASC[0m
  [1m[35m (0.0ms)[0m  [1m[34mSELECT sqlite_version(*)[0m
  [1m[36mUser Load (0.1ms)[0m  [1m[34mSELECT "users".* FROM "users"[0m
  [1m[36mOrder Load (0.1ms)[0m  [1m[34mSELECT "orders".* FROM "orders"[0m
  [1m[36mProduct Load (0.2ms)[0m  [1m[34mSELECT "products".* FROM "products"[0m
  [1m[36mCart Load (0.1ms)[0m  [1m[34mSELECT "carts".* FROM "carts"[0m
  [1m[35m (0.1ms)[0m  [1m[36mbegin transaction[0m
  [1m[36mUser Create (0.4ms)[0m  [1m[32mINSERT INTO "users" ("username", "password_digest", "address", "email", "created_at", "updated_at") VALUES (?, ?, ?, ?, ?, ?)[0m  [["username", "Norma"], ["password_digest", "$2a$12$GlQCWyEKAxnVDrRqoe5QSuBnfJOAw8rD6Vd6ONI96uhfOEpzrIVuy"], ["address", "Suite 357 9594 Kuhlman Plains, Cyrusport, IA 54323"], ["email", "jacki@kshlerin.co"], ["created_at", "2020-05-21 19:03:45.917491"], ["updated_at", "2020-05-21 19:03:45.917491"]]
  [1m[35m (1.1ms)[0m  [1m[36mcommit transaction[0m
  [1m[35m (0.1ms)[0m  [1m[36mbegin transaction[0m
  [1m[36mUser Create (0.3ms)[0m  [1m[32mINSERT INTO "users" ("username", "password_digest", "address", "email", "created_at", "updated_at") VALUES (?, ?, ?, ?, ?, ?)[0m  [["username", "Archie"], ["password_digest", "$2a$12$4fqPlU./ICeOPQnzu4Ih5OX9/J7jOq9pJVIRTzEqUBvJsXsIkVQLi"], ["address", "998 Jast Ferry, Noeliaside, MS 32166"], ["email", "deana@abshire.net"], ["created_at", "2020-05-21 19:03:46.132545"], ["updated_at", "2020-05-21 19:03:46.132545"]]
  [1m[35m (0.9ms)[0m  [1m[36mcommit transaction[0m
  [1m[35m (0.1ms)[0m  [1m[36mbegin transaction[0m
  [1m[36mUser Create (0.3ms)[0m  [1m[32mINSERT INTO "users" ("username", "password_digest", "address", "email", "created_at", "updated_at") VALUES (?, ?, ?, ?, ?, ?)[0m  [["username", "Dannie"], ["password_digest", "$2a$12$oAOzmx2M3alNVMCR8UpG0ecebzlW5cRlhYpOBF9yf8uGnbjh4LLPG"], ["address", "Apt. 681 246 Robt Passage, New Tania, CO 38319-0095"], ["email", "brendan.gerlach@daniel.info"], ["created_at", "2020-05-21 19:03:46.342733"], ["updated_at", "2020-05-21 19:03:46.342733"]]
  [1m[35m (1.2ms)[0m  [1m[36mcommit transaction[0m
  [1m[35m (0.1ms)[0m  [1m[36mbegin transaction[0m
  [1m[36mUser Create (0.3ms)[0m  [1m[32mINSERT INTO "users" ("username", "password_digest", "address", "email", "created_at", "updated_at") VALUES (?, ?, ?, ?, ?, ?)[0m  [["username", "Camellia"], ["password_digest", "$2a$12$gXtUIn0kAeOgIPA/6XXsWOHs0PwYKon//V0foCvM/BgK6yGAFDaNy"], ["address", "Apt. 487 93732 Paris Walks, West Dario, OH 00035-6400"], ["email", "marlo.maggio@williamson.org"], ["created_at", "2020-05-21 19:03:46.556189"], ["updated_at", "2020-05-21 19:03:46.556189"]]
  [1m[35m (1.3ms)[0m  [1m[36mcommit transaction[0m
  [1m[35m (0.1ms)[0m  [1m[36mbegin transaction[0m
  [1m[36mUser Create (0.3ms)[0m  [1m[32mINSERT INTO "users" ("username", "password_digest", "address", "email", "created_at", "updated_at") VALUES (?, ?, ?, ?, ?, ?)[0m  [["username", "Earlene"], ["password_digest", "$2a$12$lJq8Lg4a8wAnmnnBgQHab.5bwir6VEQUqbNqC71PCAu8J19YIB5le"], ["address", "668 Reichert Path, West Melvin, SC 01392"], ["email", "carlena_klein@rodriguez.co"], ["created_at", "2020-05-21 19:03:46.772723"], ["updated_at", "2020-05-21 19:03:46.772723"]]
  [1m[35m (1.4ms)[0m  [1m[36mcommit transaction[0m
  [1m[35m (0.1ms)[0m  [1m[36mbegin transaction[0m
  [1m[36mUser Create (0.3ms)[0m  [1m[32mINSERT INTO "users" ("username", "password_digest", "address", "email", "created_at", "updated_at") VALUES (?, ?, ?, ?, ?, ?)[0m  [["username", "Alaina"], ["password_digest", "$2a$12$AeoqAm.qyIYt9L6teH19SOjQgd.tyQziGn6exUJvrPuX2mLeTstzS"], ["address", "166 Altenwerth Rapids, West Alberta, NC 17356-3636"], ["email", "sterling@ko.io"], ["created_at", "2020-05-21 19:03:46.984875"], ["updated_at", "2020-05-21 19:03:46.984875"]]
  [1m[35m (1.3ms)[0m  [1m[36mcommit transaction[0m
  [1m[35m (0.1ms)[0m  [1m[36mbegin transaction[0m
  [1m[36mUser Create (0.4ms)[0m  [1m[32mINSERT INTO "users" ("username", "password_digest", "address", "email", "created_at", "updated_at") VALUES (?, ?, ?, ?, ?, ?)[0m  [["username", "Dinah"], ["password_digest", "$2a$12$Bg9IDUXRMkzu.RX/HOPmLedY7QBUFEZ9V1Bl3yDeFBnHXF5AGfX7G"], ["address", "53860 Goldner Summit, Port Tomas, NJ 60930"], ["email", "rubi@willms.com"], ["created_at", "2020-05-21 19:03:47.198404"], ["updated_at", "2020-05-21 19:03:47.198404"]]
  [1m[35m (1.1ms)[0m  [1m[36mcommit transaction[0m
  [1m[35m (0.1ms)[0m  [1m[36mbegin transaction[0m
  [1m[36mUser Create (0.4ms)[0m  [1m[32mINSERT INTO "users" ("username", "password_digest", "address", "email", "created_at", "updated_at") VALUES (?, ?, ?, ?, ?, ?)[0m  [["username", "Nam"], ["password_digest", "$2a$12$SLFaV4gwvf4YzUhnR9bwcO.UJmrJrjImMQQhtCY7.OZRKURtZU93q"], ["address", "Apt. 374 7212 McKenzie Fall, West Margaritotown, ND 33077"], ["email", "virgilio_schroeder@treutel.name"], ["created_at", "2020-05-21 19:03:47.411296"], ["updated_at", "2020-05-21 19:03:47.411296"]]
  [1m[35m (1.5ms)[0m  [1m[36mcommit transaction[0m
  [1m[35m (0.1ms)[0m  [1m[36mbegin transaction[0m
  [1m[36mUser Create (0.3ms)[0m  [1m[32mINSERT INTO "users" ("username", "password_digest", "address", "email", "created_at", "updated_at") VALUES (?, ?, ?, ?, ?, ?)[0m  [["username", "Taylor"], ["password_digest", "$2a$12$yUkKyJ0.51Kasev8MJrp1uv.0yxICTnm.YU1rQcmMC.f2XJvF/P/u"], ["address", "Suite 456 411 Dach Landing, Schillerstad, OK 36139"], ["email", "rosio.deckow@schroeder.info"], ["created_at", "2020-05-21 19:03:47.635393"], ["updated_at", "2020-05-21 19:03:47.635393"]]
  [1m[35m (1.3ms)[0m  [1m[36mcommit transaction[0m
  [1m[35m (0.1ms)[0m  [1m[36mbegin transaction[0m
  [1m[36mUser Create (0.4ms)[0m  [1m[32mINSERT INTO "users" ("username", "password_digest", "address", "email", "created_at", "updated_at") VALUES (?, ?, ?, ?, ?, ?)[0m  [["username", "Rod"], ["password_digest", "$2a$12$b5z12btn9yPU5D6eHDxWdeob2GZ4Jyjosit8.UiVybUhNcRwom5WC"], ["address", "13771 Cira Unions, Prosaccoshire, HI 13239-1425"], ["email", "susann@terry.info"], ["created_at", "2020-05-21 19:03:47.848194"], ["updated_at", "2020-05-21 19:03:47.848194"]]
  [1m[35m (0.6ms)[0m  [1m[36mcommit transaction[0m
  [1m[35m (0.1ms)[0m  [1m[36mbegin transaction[0m
  [1m[36mProduct Create (0.3ms)[0m  [1m[32mINSERT INTO "products" ("name", "price", "description", "image", "created_at", "updated_at") VALUES (?, ?, ?, ?, ?, ?)[0m  [["name", "Practical Plastic Bottle"], ["price", 33], ["description", "Music"], ["image", "https://www.nme.com/wp-content/uploads/2019/06/Tool-Download-Festival-2019-6.jpg"], ["created_at", "2020-05-21 19:03:47.857387"], ["updated_at", "2020-05-21 19:03:47.857387"]]
  [1m[35m (0.6ms)[0m  [1m[36mcommit transaction[0m
  [1m[35m (0.2ms)[0m  [1m[36mbegin transaction[0m
  [1m[36mProduct Create (0.4ms)[0m  [1m[32mINSERT INTO "products" ("name", "price", "description", "image", "created_at", "updated_at") VALUES (?, ?, ?, ?, ?, ?)[0m  [["name", "Gorgeous Concrete Table"], ["price", 54], ["description", "Clothing & Toys"], ["image", "https://www.nme.com/wp-content/uploads/2019/06/Tool-Download-Festival-2019-6.jpg"], ["created_at", "2020-05-21 19:03:47.861599"], ["updated_at", "2020-05-21 19:03:47.861599"]]
  [1m[35m (0.8ms)[0m  [1m[36mcommit transaction[0m
  [1m[35m (0.0ms)[0m  [1m[36mbegin transaction[0m
  [1m[36mProduct Create (0.3ms)[0m  [1m[32mINSERT INTO "products" ("name", "price", "description", "image", "created_at", "updated_at") VALUES (?, ?, ?, ?, ?, ?)[0m  [["name", "Heavy Duty Aluminum Computer"], ["price", 20], ["description", "Computers & Sports"], ["image", "https://www.nme.com/wp-content/uploads/2019/06/Tool-Download-Festival-2019-6.jpg"], ["created_at", "2020-05-21 19:03:47.866464"], ["updated_at", "2020-05-21 19:03:47.866464"]]
  [1m[35m (0.7ms)[0m  [1m[36mcommit transaction[0m
  [1m[35m (0.0ms)[0m  [1m[36mbegin transaction[0m
  [1m[36mProduct Create (0.4ms)[0m  [1m[32mINSERT INTO "products" ("name", "price", "description", "image", "created_at", "updated_at") VALUES (?, ?, ?, ?, ?, ?)[0m  [["name", "Heavy Duty Concrete Clock"], ["price", 27], ["description", "Toys, Tools & Clothing"], ["image", "https://www.nme.com/wp-content/uploads/2019/06/Tool-Download-Festival-2019-6.jpg"], ["created_at", "2020-05-21 19:03:47.870205"], ["updated_at", "2020-05-21 19:03:47.870205"]]
  [1m[35m (0.8ms)[0m  [1m[36mcommit transaction[0m
  [1m[35m (0.1ms)[0m  [1m[36mbegin transaction[0m
  [1m[36mProduct Create (0.3ms)[0m  [1m[32mINSERT INTO "products" ("name", "price", "description", "image", "created_at", "updated_at") VALUES (?, ?, ?, ?, ?, ?)[0m  [["name", "Intelligent Plastic Bag"], ["price", 13], ["description", "Automotive & Home"], ["image", "https://www.nme.com/wp-content/uploads/2019/06/Tool-Download-Festival-2019-6.jpg"], ["created_at", "2020-05-21 19:03:47.874504"], ["updated_at", "2020-05-21 19:03:47.874504"]]
  [1m[35m (0.5ms)[0m  [1m[36mcommit transaction[0m
  [1m[35m (0.0ms)[0m  [1m[36mbegin transaction[0m
  [1m[36mProduct Create (0.4ms)[0m  [1m[32mINSERT INTO "products" ("name", "price", "description", "image", "created_at", "updated_at") VALUES (?, ?, ?, ?, ?, ?)[0m  [["name", "Heavy Duty Leather Gloves"], ["price", 60], ["description", "Tools & Garden"], ["image", "https://www.nme.com/wp-content/uploads/2019/06/Tool-Download-Festival-2019-6.jpg"], ["created_at", "2020-05-21 19:03:47.877882"], ["updated_at", "2020-05-21 19:03:47.877882"]]
  [1m[35m (0.8ms)[0m  [1m[36mcommit transaction[0m
  [1m[35m (0.1ms)[0m  [1m[36mbegin transaction[0m
  [1m[36mProduct Create (0.4ms)[0m  [1m[32mINSERT INTO "products" ("name", "price", "description", "image", "created_at", "updated_at") VALUES (?, ?, ?, ?, ?, ?)[0m  [["name", "Heavy Duty Concrete Computer"], ["price", 64], ["description", "Automotive & Baby"], ["image", "https://www.nme.com/wp-content/uploads/2019/06/Tool-Download-Festival-2019-6.jpg"], ["created_at", "2020-05-21 19:03:47.884844"], ["updated_at", "2020-05-21 19:03:47.884844"]]
  [1m[35m (0.6ms)[0m  [1m[36mcommit transaction[0m
  [1m[35m (0.0ms)[0m  [1m[36mbegin transaction[0m
  [1m[36mProduct Create (0.3ms)[0m  [1m[32mINSERT INTO "products" ("name", "price", "description", "image", "created_at", "updated_at") VALUES (?, ?, ?, ?, ?, ?)[0m  [["name", "Intelligent Cotton Car"], ["price", 14], ["description", "Outdoors & Industrial"], ["image", "https://www.nme.com/wp-content/uploads/2019/06/Tool-Download-Festival-2019-6.jpg"], ["created_at", "2020-05-21 19:03:47.888890"], ["updated_at", "2020-05-21 19:03:47.888890"]]
  [1m[35m (0.6ms)[0m  [1m[36mcommit transaction[0m
  [1m[35m (0.1ms)[0m  [1m[36mbegin transaction[0m
  [1m[36mProduct Create (0.4ms)[0m  [1m[32mINSERT INTO "products" ("name", "price", "description", "image", "created_at", "updated_at") VALUES (?, ?, ?, ?, ?, ?)[0m  [["name", "Synergistic Copper Computer"], ["price", 25], ["description", "Garden"], ["image", "https://www.nme.com/wp-content/uploads/2019/06/Tool-Download-Festival-2019-6.jpg"], ["created_at", "2020-05-21 19:03:47.892757"], ["updated_at", "2020-05-21 19:03:47.892757"]]
  [1m[35m (0.8ms)[0m  [1m[36mcommit transaction[0m
  [1m[35m (0.0ms)[0m  [1m[36mbegin transaction[0m
  [1m[36mProduct Create (0.3ms)[0m  [1m[32mINSERT INTO "products" ("name", "price", "description", "image", "created_at", "updated_at") VALUES (?, ?, ?, ?, ?, ?)[0m  [["name", "Small Copper Keyboard"], ["price", 16], ["description", "Health, Computers & Kids"], ["image", "https://www.nme.com/wp-content/uploads/2019/06/Tool-Download-Festival-2019-6.jpg"], ["created_at", "2020-05-21 19:03:47.897038"], ["updated_at", "2020-05-21 19:03:47.897038"]]
  [1m[35m (0.6ms)[0m  [1m[36mcommit transaction[0m
  [1m[36mUser Load (0.1ms)[0m  [1m[34mSELECT "users".* FROM "users"[0m
  [1m[35m (0.1ms)[0m  [1m[36mbegin transaction[0m
  [1m[36mUser Load (0.1ms)[0m  [1m[34mSELECT "users".* FROM "users" WHERE "users"."id" = ? LIMIT ?[0m  [["id", 7], ["LIMIT", 1]]
  [1m[36mCart Create (0.3ms)[0m  [1m[32mINSERT INTO "carts" ("user_id", "created_at", "updated_at") VALUES (?, ?, ?)[0m  [["user_id", 7], ["created_at", "2020-05-21 19:03:47.915843"], ["updated_at", "2020-05-21 19:03:47.915843"]]
  [1m[35m (0.7ms)[0m  [1m[36mcommit transaction[0m
  [1m[36mUser Load (0.1ms)[0m  [1m[34mSELECT "users".* FROM "users"[0m
  [1m[35m (0.0ms)[0m  [1m[36mbegin transaction[0m
  [1m[36mUser Load (0.1ms)[0m  [1m[34mSELECT "users".* FROM "users" WHERE "users"."id" = ? LIMIT ?[0m  [["id", 7], ["LIMIT", 1]]
  [1m[36mCart Create (0.3ms)[0m  [1m[32mINSERT INTO "carts" ("user_id", "created_at", "updated_at") VALUES (?, ?, ?)[0m  [["user_id", 7], ["created_at", "2020-05-21 19:03:47.921505"], ["updated_at", "2020-05-21 19:03:47.921505"]]
  [1m[35m (0.9ms)[0m  [1m[36mcommit transaction[0m
  [1m[36mUser Load (0.2ms)[0m  [1m[34mSELECT "users".* FROM "users"[0m
  [1m[35m (0.1ms)[0m  [1m[36mbegin transaction[0m
  [1m[36mUser Load (0.1ms)[0m  [1m[34mSELECT "users".* FROM "users" WHERE "users"."id" = ? LIMIT ?[0m  [["id", 4], ["LIMIT", 1]]
  [1m[36mCart Create (0.3ms)[0m  [1m[32mINSERT INTO "carts" ("user_id", "created_at", "updated_at") VALUES (?, ?, ?)[0m  [["user_id", 4], ["created_at", "2020-05-21 19:03:47.928640"], ["updated_at", "2020-05-21 19:03:47.928640"]]
  [1m[35m (0.8ms)[0m  [1m[36mcommit transaction[0m
  [1m[36mUser Load (0.1ms)[0m  [1m[34mSELECT "users".* FROM "users"[0m
  [1m[35m (0.0ms)[0m  [1m[36mbegin transaction[0m
  [1m[36mUser Load (0.1ms)[0m  [1m[34mSELECT "users".* FROM "users" WHERE "users"."id" = ? LIMIT ?[0m  [["id", 3], ["LIMIT", 1]]
  [1m[36mCart Create (0.3ms)[0m  [1m[32mINSERT INTO "carts" ("user_id", "created_at", "updated_at") VALUES (?, ?, ?)[0m  [["user_id", 3], ["created_at", "2020-05-21 19:03:47.933793"], ["updated_at", "2020-05-21 19:03:47.933793"]]
  [1m[35m (0.8ms)[0m  [1m[36mcommit transaction[0m
  [1m[36mUser Load (0.2ms)[0m  [1m[34mSELECT "users".* FROM "users"[0m
  [1m[35m (0.0ms)[0m  [1m[36mbegin transaction[0m
  [1m[36mUser Load (0.1ms)[0m  [1m[34mSELECT "users".* FROM "users" WHERE "users"."id" = ? LIMIT ?[0m  [["id", 3], ["LIMIT", 1]]
  [1m[36mCart Create (0.3ms)[0m  [1m[32mINSERT INTO "carts" ("user_id", "created_at", "updated_at") VALUES (?, ?, ?)[0m  [["user_id", 3], ["created_at", "2020-05-21 19:03:47.939107"], ["updated_at", "2020-05-21 19:03:47.939107"]]
  [1m[35m (0.6ms)[0m  [1m[36mcommit transaction[0m
  [1m[36mUser Load (0.1ms)[0m  [1m[34mSELECT "users".* FROM "users"[0m
  [1m[35m (0.0ms)[0m  [1m[36mbegin transaction[0m
  [1m[36mUser Load (0.1ms)[0m  [1m[34mSELECT "users".* FROM "users" WHERE "users"."id" = ? LIMIT ?[0m  [["id", 6], ["LIMIT", 1]]
  [1m[36mCart Create (0.3ms)[0m  [1m[32mINSERT INTO "carts" ("user_id", "created_at", "updated_at") VALUES (?, ?, ?)[0m  [["user_id", 6], ["created_at", "2020-05-21 19:03:47.944028"], ["updated_at", "2020-05-21 19:03:47.944028"]]
  [1m[35m (0.7ms)[0m  [1m[36mcommit transaction[0m
  [1m[36mUser Load (0.1ms)[0m  [1m[34mSELECT "users".* FROM "users"[0m
  [1m[35m (0.0ms)[0m  [1m[36mbegin transaction[0m
  [1m[36mUser Load (0.1ms)[0m  [1m[34mSELECT "users".* FROM "users" WHERE "users"."id" = ? LIMIT ?[0m  [["id", 9], ["LIMIT", 1]]
  [1m[36mCart Create (0.2ms)[0m  [1m[32mINSERT INTO "carts" ("user_id", "created_at", "updated_at") VALUES (?, ?, ?)[0m  [["user_id", 9], ["created_at", "2020-05-21 19:03:47.948922"], ["updated_at", "2020-05-21 19:03:47.948922"]]
  [1m[35m (0.7ms)[0m  [1m[36mcommit transaction[0m
  [1m[36mUser Load (0.2ms)[0m  [1m[34mSELECT "users".* FROM "users"[0m
  [1m[35m (0.1ms)[0m  [1m[36mbegin transaction[0m
  [1m[36mUser Load (0.1ms)[0m  [1m[34mSELECT "users".* FROM "users" WHERE "users"."id" = ? LIMIT ?[0m  [["id", 5], ["LIMIT", 1]]
  [1m[36mCart Create (0.4ms)[0m  [1m[32mINSERT INTO "carts" ("user_id", "created_at", "updated_at") VALUES (?, ?, ?)[0m  [["user_id", 5], ["created_at", "2020-05-21 19:03:47.955788"], ["updated_at", "2020-05-21 19:03:47.955788"]]
  [1m[35m (0.7ms)[0m  [1m[36mcommit transaction[0m
  [1m[36mUser Load (0.1ms)[0m  [1m[34mSELECT "users".* FROM "users"[0m
  [1m[35m (0.1ms)[0m  [1m[36mbegin transaction[0m
  [1m[36mUser Load (0.1ms)[0m  [1m[34mSELECT "users".* FROM "users" WHERE "users"."id" = ? LIMIT ?[0m  [["id", 7], ["LIMIT", 1]]
  [1m[36mCart Create (0.3ms)[0m  [1m[32mINSERT INTO "carts" ("user_id", "created_at", "updated_at") VALUES (?, ?, ?)[0m  [["user_id", 7], ["created_at", "2020-05-21 19:03:47.962212"], ["updated_at", "2020-05-21 19:03:47.962212"]]
  [1m[35m (0.6ms)[0m  [1m[36mcommit transaction[0m
  [1m[36mUser Load (0.1ms)[0m  [1m[34mSELECT "users".* FROM "users"[0m
  [1m[35m (0.0ms)[0m  [1m[36mbegin transaction[0m
  [1m[36mUser Load (0.1ms)[0m  [1m[34mSELECT "users".* FROM "users" WHERE "users"."id" = ? LIMIT ?[0m  [["id", 7], ["LIMIT", 1]]
  [1m[36mCart Create (0.3ms)[0m  [1m[32mINSERT INTO "carts" ("user_id", "created_at", "updated_at") VALUES (?, ?, ?)[0m  [["user_id", 7], ["created_at", "2020-05-21 19:03:47.967472"], ["updated_at", "2020-05-21 19:03:47.967472"]]
  [1m[35m (0.5ms)[0m  [1m[36mcommit transaction[0m
  [1m[36mProduct Load (0.1ms)[0m  [1m[34mSELECT "products".* FROM "products"[0m
  [1m[36mCart Load (0.1ms)[0m  [1m[34mSELECT "carts".* FROM "carts"[0m
  [1m[35m (0.1ms)[0m  [1m[36mbegin transaction[0m
  [1m[36mProduct Load (0.1ms)[0m  [1m[34mSELECT "products".* FROM "products" WHERE "products"."id" = ? LIMIT ?[0m  [["id", 8], ["LIMIT", 1]]
  [1m[36mCart Load (0.1ms)[0m  [1m[34mSELECT "carts".* FROM "carts" WHERE "carts"."id" = ? LIMIT ?[0m  [["id", 2], ["LIMIT", 1]]
  [1m[36mOrder Create (0.3ms)[0m  [1m[32mINSERT INTO "orders" ("product_id", "cart_id", "created_at", "updated_at") VALUES (?, ?, ?, ?)[0m  [["product_id", 8], ["cart_id", 2], ["created_at", "2020-05-21 19:03:47.978667"], ["updated_at", "2020-05-21 19:03:47.978667"]]
  [1m[35m (0.5ms)[0m  [1m[36mcommit transaction[0m
  [1m[36mProduct Load (0.1ms)[0m  [1m[34mSELECT "products".* FROM "products"[0m
  [1m[36mCart Load (0.1ms)[0m  [1m[34mSELECT "carts".* FROM "carts"[0m
  [1m[35m (0.0ms)[0m  [1m[36mbegin transaction[0m
  [1m[36mProduct Load (0.1ms)[0m  [1m[34mSELECT "products".* FROM "products" WHERE "products"."id" = ? LIMIT ?[0m  [["id", 7], ["LIMIT", 1]]
  [1m[36mCart Load (0.1ms)[0m  [1m[34mSELECT "carts".* FROM "carts" WHERE "carts"."id" = ? LIMIT ?[0m  [["id", 4], ["LIMIT", 1]]
  [1m[36mOrder Create (0.8ms)[0m  [1m[32mINSERT INTO "orders" ("product_id", "cart_id", "created_at", "updated_at") VALUES (?, ?, ?, ?)[0m  [["product_id", 7], ["cart_id", 4], ["created_at", "2020-05-21 19:03:47.986325"], ["updated_at", "2020-05-21 19:03:47.986325"]]
  [1m[35m (0.8ms)[0m  [1m[36mcommit transaction[0m
  [1m[36mProduct Load (0.1ms)[0m  [1m[34mSELECT "products".* FROM "products"[0m
  [1m[36mCart Load (0.1ms)[0m  [1m[34mSELECT "carts".* FROM "carts"[0m
  [1m[35m (0.0ms)[0m  [1m[36mbegin transaction[0m
  [1m[36mProduct Load (0.1ms)[0m  [1m[34mSELECT "products".* FROM "products" WHERE "products"."id" = ? LIMIT ?[0m  [["id", 5], ["LIMIT", 1]]
  [1m[36mCart Load (0.0ms)[0m  [1m[34mSELECT "carts".* FROM "carts" WHERE "carts"."id" = ? LIMIT ?[0m  [["id", 9], ["LIMIT", 1]]
  [1m[36mOrder Create (0.3ms)[0m  [1m[32mINSERT INTO "orders" ("product_id", "cart_id", "created_at", "updated_at") VALUES (?, ?, ?, ?)[0m  [["product_id", 5], ["cart_id", 9], ["created_at", "2020-05-21 19:03:47.994651"], ["updated_at", "2020-05-21 19:03:47.994651"]]
  [1m[35m (0.7ms)[0m  [1m[36mcommit transaction[0m
  [1m[36mProduct Load (0.1ms)[0m  [1m[34mSELECT "products".* FROM "products"[0m
  [1m[36mCart Load (0.1ms)[0m  [1m[34mSELECT "carts".* FROM "carts"[0m
  [1m[35m (0.0ms)[0m  [1m[36mbegin transaction[0m
  [1m[36mProduct Load (0.1ms)[0m  [1m[34mSELECT "products".* FROM "products" WHERE "products"."id" = ? LIMIT ?[0m  [["id", 1], ["LIMIT", 1]]
  [1m[36mCart Load (0.1ms)[0m  [1m[34mSELECT "carts".* FROM "carts" WHERE "carts"."id" = ? LIMIT ?[0m  [["id", 4], ["LIMIT", 1]]
  [1m[36mOrder Create (0.3ms)[0m  [1m[32mINSERT INTO "orders" ("product_id", "cart_id", "created_at", "updated_at") VALUES (?, ?, ?, ?)[0m  [["product_id", 1], ["cart_id", 4], ["created_at", "2020-05-21 19:03:48.001800"], ["updated_at", "2020-05-21 19:03:48.001800"]]
  [1m[35m (0.9ms)[0m  [1m[36mcommit transaction[0m
  [1m[36mProduct Load (0.1ms)[0m  [1m[34mSELECT "products".* FROM "products"[0m
  [1m[36mCart Load (0.1ms)[0m  [1m[34mSELECT "carts".* FROM "carts"[0m
  [1m[35m (0.0ms)[0m  [1m[36mbegin transaction[0m
  [1m[36mProduct Load (0.1ms)[0m  [1m[34mSELECT "products".* FROM "products" WHERE "products"."id" = ? LIMIT ?[0m  [["id", 5], ["LIMIT", 1]]
  [1m[36mCart Load (0.0ms)[0m  [1m[34mSELECT "carts".* FROM "carts" WHERE "carts"."id" = ? LIMIT ?[0m  [["id", 10], ["LIMIT", 1]]
  [1m[36mOrder Create (0.3ms)[0m  [1m[32mINSERT INTO "orders" ("product_id", "cart_id", "created_at", "updated_at") VALUES (?, ?, ?, ?)[0m  [["product_id", 5], ["cart_id", 10], ["created_at", "2020-05-21 19:03:48.010749"], ["updated_at", "2020-05-21 19:03:48.010749"]]
  [1m[35m (0.8ms)[0m  [1m[36mcommit transaction[0m
  [1m[36mProduct Load (0.1ms)[0m  [1m[34mSELECT "products".* FROM "products"[0m
  [1m[36mCart Load (0.1ms)[0m  [1m[34mSELECT "carts".* FROM "carts"[0m
  [1m[35m (0.0ms)[0m  [1m[36mbegin transaction[0m
  [1m[36mProduct Load (0.2ms)[0m  [1m[34mSELECT "products".* FROM "products" WHERE "products"."id" = ? LIMIT ?[0m  [["id", 10], ["LIMIT", 1]]
  [1m[36mCart Load (0.1ms)[0m  [1m[34mSELECT "carts".* FROM "carts" WHERE "carts"."id" = ? LIMIT ?[0m  [["id", 2], ["LIMIT", 1]]
  [1m[36mOrder Create (0.4ms)[0m  [1m[32mINSERT INTO "orders" ("product_id", "cart_id", "created_at", "updated_at") VALUES (?, ?, ?, ?)[0m  [["product_id", 10], ["cart_id", 2], ["created_at", "2020-05-21 19:03:48.019228"], ["updated_at", "2020-05-21 19:03:48.019228"]]
  [1m[35m (0.7ms)[0m  [1m[36mcommit transaction[0m
  [1m[36mProduct Load (0.1ms)[0m  [1m[34mSELECT "products".* FROM "products"[0m
  [1m[36mCart Load (0.1ms)[0m  [1m[34mSELECT "carts".* FROM "carts"[0m
  [1m[35m (0.0ms)[0m  [1m[36mbegin transaction[0m
  [1m[36mProduct Load (0.1ms)[0m  [1m[34mSELECT "products".* FROM "products" WHERE "products"."id" = ? LIMIT ?[0m  [["id", 6], ["LIMIT", 1]]
  [1m[36mCart Load (0.0ms)[0m  [1m[34mSELECT "carts".* FROM "carts" WHERE "carts"."id" = ? LIMIT ?[0m  [["id", 5], ["LIMIT", 1]]
  [1m[36mOrder Create (0.3ms)[0m  [1m[32mINSERT INTO "orders" ("product_id", "cart_id", "created_at", "updated_at") VALUES (?, ?, ?, ?)[0m  [["product_id", 6], ["cart_id", 5], ["created_at", "2020-05-21 19:03:48.026863"], ["updated_at", "2020-05-21 19:03:48.026863"]]
  [1m[35m (0.6ms)[0m  [1m[36mcommit transaction[0m
  [1m[36mProduct Load (0.1ms)[0m  [1m[34mSELECT "products".* FROM "products"[0m
  [1m[36mCart Load (0.1ms)[0m  [1m[34mSELECT "carts".* FROM "carts"[0m
  [1m[35m (0.1ms)[0m  [1m[36mbegin transaction[0m
  [1m[36mProduct Load (0.1ms)[0m  [1m[34mSELECT "products".* FROM "products" WHERE "products"."id" = ? LIMIT ?[0m  [["id", 4], ["LIMIT", 1]]
  [1m[36mCart Load (0.0ms)[0m  [1m[34mSELECT "carts".* FROM "carts" WHERE "carts"."id" = ? LIMIT ?[0m  [["id", 4], ["LIMIT", 1]]
  [1m[36mOrder Create (0.3ms)[0m  [1m[32mINSERT INTO "orders" ("product_id", "cart_id", "created_at", "updated_at") VALUES (?, ?, ?, ?)[0m  [["product_id", 4], ["cart_id", 4], ["created_at", "2020-05-21 19:03:48.034817"], ["updated_at", "2020-05-21 19:03:48.034817"]]
  [1m[35m (0.7ms)[0m  [1m[36mcommit transaction[0m
  [1m[36mProduct Load (0.1ms)[0m  [1m[34mSELECT "products".* FROM "products"[0m
  [1m[36mCart Load (0.1ms)[0m  [1m[34mSELECT "carts".* FROM "carts"[0m
  [1m[35m (0.0ms)[0m  [1m[36mbegin transaction[0m
  [1m[36mProduct Load (0.1ms)[0m  [1m[34mSELECT "products".* FROM "products" WHERE "products"."id" = ? LIMIT ?[0m  [["id", 5], ["LIMIT", 1]]
  [1m[36mCart Load (0.0ms)[0m  [1m[34mSELECT "carts".* FROM "carts" WHERE "carts"."id" = ? LIMIT ?[0m  [["id", 6], ["LIMIT", 1]]
  [1m[36mOrder Create (0.3ms)[0m  [1m[32mINSERT INTO "orders" ("product_id", "cart_id", "created_at", "updated_at") VALUES (?, ?, ?, ?)[0m  [["product_id", 5], ["cart_id", 6], ["created_at", "2020-05-21 19:03:48.042556"], ["updated_at", "2020-05-21 19:03:48.042556"]]
  [1m[35m (0.5ms)[0m  [1m[36mcommit transaction[0m
  [1m[36mProduct Load (0.1ms)[0m  [1m[34mSELECT "products".* FROM "products"[0m
  [1m[36mCart Load (0.1ms)[0m  [1m[34mSELECT "carts".* FROM "carts"[0m
  [1m[35m (0.0ms)[0m  [1m[36mbegin transaction[0m
  [1m[36mProduct Load (0.1ms)[0m  [1m[34mSELECT "products".* FROM "products" WHERE "products"."id" = ? LIMIT ?[0m  [["id", 4], ["LIMIT", 1]]
  [1m[36mCart Load (0.0ms)[0m  [1m[34mSELECT "carts".* FROM "carts" WHERE "carts"."id" = ? LIMIT ?[0m  [["id", 4], ["LIMIT", 1]]
  [1m[36mOrder Create (0.3ms)[0m  [1m[32mINSERT INTO "orders" ("product_id", "cart_id", "created_at", "updated_at") VALUES (?, ?, ?, ?)[0m  [["product_id", 4], ["cart_id", 4], ["created_at", "2020-05-21 19:03:48.049466"], ["updated_at", "2020-05-21 19:03:48.049466"]]
  [1m[35m (0.5ms)[0m  [1m[36mcommit transaction[0m
  [1m[35m (0.6ms)[0m  [1m[34mSELECT sqlite_version(*)[0m
  [1m[36mUser Load (0.6ms)[0m  [1m[34mSELECT "users".* FROM "users" LIMIT ?[0m  [["LIMIT", 11]]
  [1m[36mProduct Load (0.7ms)[0m  [1m[34mSELECT "products".* FROM "products" LIMIT ?[0m  [["LIMIT", 11]]
  [1m[36mOrder Load (0.7ms)[0m  [1m[34mSELECT "orders".* FROM "orders" LIMIT ?[0m  [["LIMIT", 11]]
  [1m[36mCart Load (0.7ms)[0m  [1m[34mSELECT "carts".* FROM "carts" LIMIT ?[0m  [["LIMIT", 11]]
  [1m[36mUser Load (0.2ms)[0m  [1m[34mSELECT "users".* FROM "users"[0m
  [1m[36mCart Load (0.2ms)[0m  [1m[34mSELECT "carts".* FROM "carts" WHERE "carts"."user_id" = ? LIMIT ?[0m  [["user_id", 1], ["LIMIT", 11]]
  [1m[36mUser Load (0.2ms)[0m  [1m[34mSELECT "users".* FROM "users"[0m
  [1m[36mUser Load (0.2ms)[0m  [1m[34mSELECT "users".* FROM "users"[0m
  [1m[36mUser Load (0.2ms)[0m  [1m[34mSELECT "users".* FROM "users"[0m
  [1m[36mUser Load (0.2ms)[0m  [1m[34mSELECT "users".* FROM "users"[0m
  [1m[36mUser Load (0.2ms)[0m  [1m[34mSELECT "users".* FROM "users"[0m
  [1m[36mCart Load (0.2ms)[0m  [1m[34mSELECT "carts".* FROM "carts" WHERE "carts"."user_id" = ? LIMIT ?[0m  [["user_id", 2], ["LIMIT", 11]]
  [1m[36mUser Load (0.2ms)[0m  [1m[34mSELECT "users".* FROM "users"[0m
  [1m[36mCart Load (0.3ms)[0m  [1m[34mSELECT "carts".* FROM "carts" WHERE "carts"."user_id" = ?[0m  [["user_id", 2]]
  [1m[35m (0.7ms)[0m  [1m[34mSELECT sqlite_version(*)[0m
  [1m[35m (0.5ms)[0m  [1m[34mSELECT "schema_migrations"."version" FROM "schema_migrations" ORDER BY "schema_migrations"."version" ASC[0m
  [1m[35m (0.0ms)[0m  [1m[34mSELECT sqlite_version(*)[0m
  [1m[36mUser Load (0.5ms)[0m  [1m[34mSELECT "users".* FROM "users"[0m
  [1m[35m (0.1ms)[0m  [1m[36mbegin transaction[0m
  [1m[36mUser Destroy (0.4ms)[0m  [1m[31mDELETE FROM "users" WHERE "users"."id" = ?[0m  [["id", 1]]
  [1m[35m (1.0ms)[0m  [1m[36mcommit transaction[0m
  [1m[35m (0.0ms)[0m  [1m[36mbegin transaction[0m
  [1m[36mUser Destroy (0.2ms)[0m  [1m[31mDELETE FROM "users" WHERE "users"."id" = ?[0m  [["id", 2]]
  [1m[35m (1.4ms)[0m  [1m[36mcommit transaction[0m
  [1m[35m (0.0ms)[0m  [1m[36mbegin transaction[0m
  [1m[36mUser Destroy (0.3ms)[0m  [1m[31mDELETE FROM "users" WHERE "users"."id" = ?[0m  [["id", 3]]
  [1m[35m (0.7ms)[0m  [1m[36mcommit transaction[0m
  [1m[35m (0.0ms)[0m  [1m[36mbegin transaction[0m
  [1m[36mUser Destroy (0.3ms)[0m  [1m[31mDELETE FROM "users" WHERE "users"."id" = ?[0m  [["id", 4]]
  [1m[35m (0.5ms)[0m  [1m[36mcommit transaction[0m
  [1m[35m (0.0ms)[0m  [1m[36mbegin transaction[0m
  [1m[36mUser Destroy (0.3ms)[0m  [1m[31mDELETE FROM "users" WHERE "users"."id" = ?[0m  [["id", 5]]
  [1m[35m (0.8ms)[0m  [1m[36mcommit transaction[0m
  [1m[35m (0.0ms)[0m  [1m[36mbegin transaction[0m
  [1m[36mUser Destroy (0.2ms)[0m  [1m[31mDELETE FROM "users" WHERE "users"."id" = ?[0m  [["id", 6]]
  [1m[35m (0.5ms)[0m  [1m[36mcommit transaction[0m
  [1m[35m (0.0ms)[0m  [1m[36mbegin transaction[0m
  [1m[36mUser Destroy (0.2ms)[0m  [1m[31mDELETE FROM "users" WHERE "users"."id" = ?[0m  [["id", 7]]
  [1m[35m (0.5ms)[0m  [1m[36mcommit transaction[0m
  [1m[35m (0.0ms)[0m  [1m[36mbegin transaction[0m
  [1m[36mUser Destroy (0.2ms)[0m  [1m[31mDELETE FROM "users" WHERE "users"."id" = ?[0m  [["id", 8]]
  [1m[35m (0.6ms)[0m  [1m[36mcommit transaction[0m
  [1m[35m (0.0ms)[0m  [1m[36mbegin transaction[0m
  [1m[36mUser Destroy (0.2ms)[0m  [1m[31mDELETE FROM "users" WHERE "users"."id" = ?[0m  [["id", 9]]
  [1m[35m (0.7ms)[0m  [1m[36mcommit transaction[0m
  [1m[35m (0.0ms)[0m  [1m[36mbegin transaction[0m
  [1m[36mUser Destroy (0.2ms)[0m  [1m[31mDELETE FROM "users" WHERE "users"."id" = ?[0m  [["id", 10]]
  [1m[35m (0.5ms)[0m  [1m[36mcommit transaction[0m
  [1m[36mOrder Load (0.4ms)[0m  [1m[34mSELECT "orders".* FROM "orders"[0m
  [1m[35m (0.0ms)[0m  [1m[36mbegin transaction[0m
  [1m[36mOrder Destroy (0.2ms)[0m  [1m[31mDELETE FROM "orders" WHERE "orders"."id" = ?[0m  [["id", 1]]
  [1m[35m (0.6ms)[0m  [1m[36mcommit transaction[0m
  [1m[35m (0.0ms)[0m  [1m[36mbegin transaction[0m
  [1m[36mOrder Destroy (0.2ms)[0m  [1m[31mDELETE FROM "orders" WHERE "orders"."id" = ?[0m  [["id", 2]]
  [1m[35m (0.6ms)[0m  [1m[36mcommit transaction[0m
  [1m[35m (0.0ms)[0m  [1m[36mbegin transaction[0m
  [1m[36mOrder Destroy (0.2ms)[0m  [1m[31mDELETE FROM "orders" WHERE "orders"."id" = ?[0m  [["id", 3]]
  [1m[35m (0.6ms)[0m  [1m[36mcommit transaction[0m
  [1m[35m (0.0ms)[0m  [1m[36mbegin transaction[0m
  [1m[36mOrder Destroy (0.2ms)[0m  [1m[31mDELETE FROM "orders" WHERE "orders"."id" = ?[0m  [["id", 4]]
  [1m[35m (0.6ms)[0m  [1m[36mcommit transaction[0m
  [1m[35m (0.0ms)[0m  [1m[36mbegin transaction[0m
  [1m[36mOrder Destroy (0.3ms)[0m  [1m[31mDELETE FROM "orders" WHERE "orders"."id" = ?[0m  [["id", 5]]
  [1m[35m (0.7ms)[0m  [1m[36mcommit transaction[0m
  [1m[35m (0.0ms)[0m  [1m[36mbegin transaction[0m
  [1m[36mOrder Destroy (0.2ms)[0m  [1m[31mDELETE FROM "orders" WHERE "orders"."id" = ?[0m  [["id", 6]]
  [1m[35m (0.6ms)[0m  [1m[36mcommit transaction[0m
  [1m[35m (0.0ms)[0m  [1m[36mbegin transaction[0m
  [1m[36mOrder Destroy (0.2ms)[0m  [1m[31mDELETE FROM "orders" WHERE "orders"."id" = ?[0m  [["id", 7]]
  [1m[35m (0.6ms)[0m  [1m[36mcommit transaction[0m
  [1m[35m (0.0ms)[0m  [1m[36mbegin transaction[0m
  [1m[36mOrder Destroy (0.3ms)[0m  [1m[31mDELETE FROM "orders" WHERE "orders"."id" = ?[0m  [["id", 8]]
  [1m[35m (0.7ms)[0m  [1m[36mcommit transaction[0m
  [1m[35m (0.0ms)[0m  [1m[36mbegin transaction[0m
  [1m[36mOrder Destroy (0.2ms)[0m  [1m[31mDELETE FROM "orders" WHERE "orders"."id" = ?[0m  [["id", 9]]
  [1m[35m (0.5ms)[0m  [1m[36mcommit transaction[0m
  [1m[35m (0.0ms)[0m  [1m[36mbegin transaction[0m
  [1m[36mOrder Destroy (0.2ms)[0m  [1m[31mDELETE FROM "orders" WHERE "orders"."id" = ?[0m  [["id", 10]]
  [1m[35m (0.6ms)[0m  [1m[36mcommit transaction[0m
  [1m[36mProduct Load (0.4ms)[0m  [1m[34mSELECT "products".* FROM "products"[0m
  [1m[35m (0.0ms)[0m  [1m[36mbegin transaction[0m
  [1m[36mProduct Destroy (0.3ms)[0m  [1m[31mDELETE FROM "products" WHERE "products"."id" = ?[0m  [["id", 1]]
  [1m[35m (0.7ms)[0m  [1m[36mcommit transaction[0m
  [1m[35m (0.0ms)[0m  [1m[36mbegin transaction[0m
  [1m[36mProduct Destroy (0.3ms)[0m  [1m[31mDELETE FROM "products" WHERE "products"."id" = ?[0m  [["id", 2]]
  [1m[35m (0.7ms)[0m  [1m[36mcommit transaction[0m
  [1m[35m (0.0ms)[0m  [1m[36mbegin transaction[0m
  [1m[36mProduct Destroy (0.4ms)[0m  [1m[31mDELETE FROM "products" WHERE "products"."id" = ?[0m  [["id", 3]]
  [1m[35m (0.7ms)[0m  [1m[36mcommit transaction[0m
  [1m[35m (0.0ms)[0m  [1m[36mbegin transaction[0m
  [1m[36mProduct Destroy (0.2ms)[0m  [1m[31mDELETE FROM "products" WHERE "products"."id" = ?[0m  [["id", 4]]
  [1m[35m (0.6ms)[0m  [1m[36mcommit transaction[0m
  [1m[35m (0.0ms)[0m  [1m[36mbegin transaction[0m
  [1m[36mProduct Destroy (0.2ms)[0m  [1m[31mDELETE FROM "products" WHERE "products"."id" = ?[0m  [["id", 5]]
  [1m[35m (0.7ms)[0m  [1m[36mcommit transaction[0m
  [1m[35m (0.0ms)[0m  [1m[36mbegin transaction[0m
  [1m[36mProduct Destroy (0.2ms)[0m  [1m[31mDELETE FROM "products" WHERE "products"."id" = ?[0m  [["id", 6]]
  [1m[35m (0.5ms)[0m  [1m[36mcommit transaction[0m
  [1m[35m (0.0ms)[0m  [1m[36mbegin transaction[0m
  [1m[36mProduct Destroy (0.3ms)[0m  [1m[31mDELETE FROM "products" WHERE "products"."id" = ?[0m  [["id", 7]]
  [1m[35m (0.8ms)[0m  [1m[36mcommit transaction[0m
  [1m[35m (0.0ms)[0m  [1m[36mbegin transaction[0m
  [1m[36mProduct Destroy (0.4ms)[0m  [1m[31mDELETE FROM "products" WHERE "products"."id" = ?[0m  [["id", 8]]
  [1m[35m (0.8ms)[0m  [1m[36mcommit transaction[0m
  [1m[35m (0.0ms)[0m  [1m[36mbegin transaction[0m
  [1m[36mProduct Destroy (0.3ms)[0m  [1m[31mDELETE FROM "products" WHERE "products"."id" = ?[0m  [["id", 9]]
  [1m[35m (0.8ms)[0m  [1m[36mcommit transaction[0m
  [1m[35m (0.0ms)[0m  [1m[36mbegin transaction[0m
  [1m[36mProduct Destroy (0.3ms)[0m  [1m[31mDELETE FROM "products" WHERE "products"."id" = ?[0m  [["id", 10]]
  [1m[35m (0.7ms)[0m  [1m[36mcommit transaction[0m
  [1m[36mCart Load (0.6ms)[0m  [1m[34mSELECT "carts".* FROM "carts"[0m
  [1m[35m (0.1ms)[0m  [1m[36mbegin transaction[0m
  [1m[36mCart Destroy (0.3ms)[0m  [1m[31mDELETE FROM "carts" WHERE "carts"."id" = ?[0m  [["id", 1]]
  [1m[35m (0.5ms)[0m  [1m[36mcommit transaction[0m
  [1m[35m (0.0ms)[0m  [1m[36mbegin transaction[0m
  [1m[36mCart Destroy (0.2ms)[0m  [1m[31mDELETE FROM "carts" WHERE "carts"."id" = ?[0m  [["id", 2]]
  [1m[35m (0.6ms)[0m  [1m[36mcommit transaction[0m
  [1m[35m (0.1ms)[0m  [1m[36mbegin transaction[0m
  [1m[36mCart Destroy (0.2ms)[0m  [1m[31mDELETE FROM "carts" WHERE "carts"."id" = ?[0m  [["id", 3]]
  [1m[35m (0.5ms)[0m  [1m[36mcommit transaction[0m
  [1m[35m (0.0ms)[0m  [1m[36mbegin transaction[0m
  [1m[36mCart Destroy (0.3ms)[0m  [1m[31mDELETE FROM "carts" WHERE "carts"."id" = ?[0m  [["id", 4]]
  [1m[35m (0.6ms)[0m  [1m[36mcommit transaction[0m
  [1m[35m (0.0ms)[0m  [1m[36mbegin transaction[0m
  [1m[36mCart Destroy (0.2ms)[0m  [1m[31mDELETE FROM "carts" WHERE "carts"."id" = ?[0m  [["id", 5]]
  [1m[35m (0.6ms)[0m  [1m[36mcommit transaction[0m
  [1m[35m (0.0ms)[0m  [1m[36mbegin transaction[0m
  [1m[36mCart Destroy (0.2ms)[0m  [1m[31mDELETE FROM "carts" WHERE "carts"."id" = ?[0m  [["id", 6]]
  [1m[35m (0.6ms)[0m  [1m[36mcommit transaction[0m
  [1m[35m (0.0ms)[0m  [1m[36mbegin transaction[0m
  [1m[36mCart Destroy (0.2ms)[0m  [1m[31mDELETE FROM "carts" WHERE "carts"."id" = ?[0m  [["id", 7]]
  [1m[35m (0.5ms)[0m  [1m[36mcommit transaction[0m
  [1m[35m (0.0ms)[0m  [1m[36mbegin transaction[0m
  [1m[36mCart Destroy (0.2ms)[0m  [1m[31mDELETE FROM "carts" WHERE "carts"."id" = ?[0m  [["id", 8]]
  [1m[35m (0.5ms)[0m  [1m[36mcommit transaction[0m
  [1m[35m (0.0ms)[0m  [1m[36mbegin transaction[0m
  [1m[36mCart Destroy (0.2ms)[0m  [1m[31mDELETE FROM "carts" WHERE "carts"."id" = ?[0m  [["id", 9]]
  [1m[35m (0.6ms)[0m  [1m[36mcommit transaction[0m
  [1m[35m (0.0ms)[0m  [1m[36mbegin transaction[0m
  [1m[36mCart Destroy (0.3ms)[0m  [1m[31mDELETE FROM "carts" WHERE "carts"."id" = ?[0m  [["id", 10]]
  [1m[35m (0.6ms)[0m  [1m[36mcommit transaction[0m
  [1m[35m (0.1ms)[0m  [1m[36mbegin transaction[0m
  [1m[36mUser Create (1.5ms)[0m  [1m[32mINSERT INTO "users" ("username", "password_digest", "address", "email", "created_at", "updated_at") VALUES (?, ?, ?, ?, ?, ?)[0m  [["username", "Jarod"], ["password_digest", "$2a$12$RB4FAbwHugExWzwMr0ArRO5WYQm5pBU.iE0ToSuY3R2adQ.GWSFMu"], ["address", "Apt. 628 27140 Maggio Union, South Maritza, OK 20835-1358"], ["email", "ruben@monahandooley.name"], ["created_at", "2020-05-21 19:20:58.135466"], ["updated_at", "2020-05-21 19:20:58.135466"]]
  [1m[35m (0.7ms)[0m  [1m[36mcommit transaction[0m
  [1m[35m (0.1ms)[0m  [1m[36mbegin transaction[0m
  [1m[36mUser Create (0.3ms)[0m  [1m[32mINSERT INTO "users" ("username", "password_digest", "address", "email", "created_at", "updated_at") VALUES (?, ?, ?, ?, ?, ?)[0m  [["username", "Kendall"], ["password_digest", "$2a$12$How0pqd7ZVnW.79uK3C7PeP9GRxAMsbDlRasPwxRDyvllJICY1Sk."], ["address", "Apt. 774 95658 Lakeshia Skyway, South Vannesa, OK 79203-7848"], ["email", "prince.gleason@schmitt.net"], ["created_at", "2020-05-21 19:20:58.357392"], ["updated_at", "2020-05-21 19:20:58.357392"]]
  [1m[35m (0.9ms)[0m  [1m[36mcommit transaction[0m
  [1m[35m (0.1ms)[0m  [1m[36mbegin transaction[0m
  [1m[36mUser Create (0.3ms)[0m  [1m[32mINSERT INTO "users" ("username", "password_digest", "address", "email", "created_at", "updated_at") VALUES (?, ?, ?, ?, ?, ?)[0m  [["username", "Darnell"], ["password_digest", "$2a$12$RACzHYMd9tbs2S1gq29bbeeanuH0Qwu.0vT5RnVUNTBtuKL27btQS"], ["address", "Suite 557 1218 Hettinger Dam, North Jody, NE 75074"], ["email", "angelia@rosenbaum.co"], ["created_at", "2020-05-21 19:20:58.576921"], ["updated_at", "2020-05-21 19:20:58.576921"]]
  [1m[35m (1.1ms)[0m  [1m[36mcommit transaction[0m
  [1m[35m (0.1ms)[0m  [1m[36mbegin transaction[0m
  [1m[36mUser Create (0.3ms)[0m  [1m[32mINSERT INTO "users" ("username", "password_digest", "address", "email", "created_at", "updated_at") VALUES (?, ?, ?, ?, ?, ?)[0m  [["username", "Thanh"], ["password_digest", "$2a$12$6fmAJfiX5hJQys2cRH7Fqe6iWO.P1d24QuKBcDa.32o4l6m.S4n8S"], ["address", "1078 Bea Circles, Lake Charissetown, KS 55398"], ["email", "rima_mann@rodriguez.co"], ["created_at", "2020-05-21 19:20:58.790932"], ["updated_at", "2020-05-21 19:20:58.790932"]]
  [1m[35m (0.9ms)[0m  [1m[36mcommit transaction[0m
  [1m[35m (0.1ms)[0m  [1m[36mbegin transaction[0m
  [1m[36mUser Create (0.3ms)[0m  [1m[32mINSERT INTO "users" ("username", "password_digest", "address", "email", "created_at", "updated_at") VALUES (?, ?, ?, ?, ?, ?)[0m  [["username", "Hugh"], ["password_digest", "$2a$12$6Z3TtBxBhUgZonTwtq9Il.kQZ.p/icRi28AiTbGgEJi8CvmxFqHiC"], ["address", "Suite 209 66257 Jones Plains, Numbersside, MN 48713-7481"], ["email", "andrew_schiller@spinkawiza.org"], ["created_at", "2020-05-21 19:20:59.004424"], ["updated_at", "2020-05-21 19:20:59.004424"]]
  [1m[35m (0.9ms)[0m  [1m[36mcommit transaction[0m
  [1m[35m (0.1ms)[0m  [1m[36mbegin transaction[0m
  [1m[36mUser Create (0.3ms)[0m  [1m[32mINSERT INTO "users" ("username", "password_digest", "address", "email", "created_at", "updated_at") VALUES (?, ?, ?, ?, ?, ?)[0m  [["username", "Denis"], ["password_digest", "$2a$12$XKQ/HSypnpb3UlKMheQFk.9W4boHII45Ly.699CSt6.BxQsURalnC"], ["address", "Suite 444 8186 Turcotte Roads, North Noelia, MO 48415-2398"], ["email", "toccara_bode@tromp.net"], ["created_at", "2020-05-21 19:20:59.219605"], ["updated_at", "2020-05-21 19:20:59.219605"]]
  [1m[35m (0.8ms)[0m  [1m[36mcommit transaction[0m
  [1m[35m (0.1ms)[0m  [1m[36mbegin transaction[0m
  [1m[36mUser Create (0.3ms)[0m  [1m[32mINSERT INTO "users" ("username", "password_digest", "address", "email", "created_at", "updated_at") VALUES (?, ?, ?, ?, ?, ?)[0m  [["username", "Robby"], ["password_digest", "$2a$12$xlHQFo.mswGj14eulwdaF.ExpJLGRsMFKZ3ebsuKj5OahBIJdurWG"], ["address", "Suite 716 7646 Shanna Brooks, South Alanna, NY 18929"], ["email", "claria@vonruedenschoen.io"], ["created_at", "2020-05-21 19:20:59.437025"], ["updated_at", "2020-05-21 19:20:59.437025"]]
  [1m[35m (1.4ms)[0m  [1m[36mcommit transaction[0m
  [1m[35m (0.1ms)[0m  [1m[36mbegin transaction[0m
  [1m[36mUser Create (0.4ms)[0m  [1m[32mINSERT INTO "users" ("username", "password_digest", "address", "email", "created_at", "updated_at") VALUES (?, ?, ?, ?, ?, ?)[0m  [["username", "Eliseo"], ["password_digest", "$2a$12$W8Bbj5z8m0BmqK.QwBCOPeSIU4GoXWSSD9hg1ShtPRTydKG8oWici"], ["address", "784 Connelly Route, Louiefurt, GA 80331"], ["email", "brynn@rolfsonwelch.org"], ["created_at", "2020-05-21 19:20:59.651071"], ["updated_at", "2020-05-21 19:20:59.651071"]]
  [1m[35m (0.9ms)[0m  [1m[36mcommit transaction[0m
  [1m[35m (0.1ms)[0m  [1m[36mbegin transaction[0m
  [1m[36mUser Create (0.4ms)[0m  [1m[32mINSERT INTO "users" ("username", "password_digest", "address", "email", "created_at", "updated_at") VALUES (?, ?, ?, ?, ?, ?)[0m  [["username", "Erika"], ["password_digest", "$2a$12$4jhr1iydTt1xn5r6xTsVOutLxMSRqy4907gjY.C.JkBet0fxKdjq6"], ["address", "Apt. 190 50104 Kilback Glen, North Nanstad, IL 68922"], ["email", "lavinia@boyer.co"], ["created_at", "2020-05-21 19:20:59.863959"], ["updated_at", "2020-05-21 19:20:59.863959"]]
  [1m[35m (0.9ms)[0m  [1m[36mcommit transaction[0m
  [1m[35m (0.0ms)[0m  [1m[36mbegin transaction[0m
  [1m[36mUser Create (0.3ms)[0m  [1m[32mINSERT INTO "users" ("username", "password_digest", "address", "email", "created_at", "updated_at") VALUES (?, ?, ?, ?, ?, ?)[0m  [["username", "Chet"], ["password_digest", "$2a$12$SgS8ti79b/XrvGBVXtIjHuSkf.xMBBO3blRtbkgPh3/qZU6yzVtAC"], ["address", "1501 Anderson Circle, South Lisetteshire, SC 89733-5281"], ["email", "bernardina@schinner.org"], ["created_at", "2020-05-21 19:21:00.076832"], ["updated_at", "2020-05-21 19:21:00.076832"]]
  [1m[35m (1.0ms)[0m  [1m[36mcommit transaction[0m
  [1m[35m (0.0ms)[0m  [1m[36mbegin transaction[0m
  [1m[36mProduct Create (0.3ms)[0m  [1m[32mINSERT INTO "products" ("name", "price", "description", "image", "created_at", "updated_at") VALUES (?, ?, ?, ?, ?, ?)[0m  [["name", "Awesome Rubber Wallet"], ["price", 90], ["description", "Home, Toys & Computers"], ["image", "https://www.nme.com/wp-content/uploads/2019/06/Tool-Download-Festival-2019-6.jpg"], ["created_at", "2020-05-21 19:21:00.081062"], ["updated_at", "2020-05-21 19:21:00.081062"]]
  [1m[35m (0.6ms)[0m  [1m[36mcommit transaction[0m
  [1m[35m (0.1ms)[0m  [1m[36mbegin transaction[0m
  [1m[36mProduct Create (0.4ms)[0m  [1m[32mINSERT INTO "products" ("name", "price", "description", "image", "created_at", "updated_at") VALUES (?, ?, ?, ?, ?, ?)[0m  [["name", "Sleek Granite Hat"], ["price", 98], ["description", "Shoes"], ["image", "https://www.nme.com/wp-content/uploads/2019/06/Tool-Download-Festival-2019-6.jpg"], ["created_at", "2020-05-21 19:21:00.084469"], ["updated_at", "2020-05-21 19:21:00.084469"]]
  [1m[35m (0.5ms)[0m  [1m[36mcommit transaction[0m
  [1m[35m (0.1ms)[0m  [1m[36mbegin transaction[0m
  [1m[36mProduct Create (0.3ms)[0m  [1m[32mINSERT INTO "products" ("name", "price", "description", "image", "created_at", "updated_at") VALUES (?, ?, ?, ?, ?, ?)[0m  [["name", "Durable Paper Gloves"], ["price", 89], ["description", "Movies, Jewelry & Computers"], ["image", "https://www.nme.com/wp-content/uploads/2019/06/Tool-Download-Festival-2019-6.jpg"], ["created_at", "2020-05-21 19:21:00.089645"], ["updated_at", "2020-05-21 19:21:00.089645"]]
  [1m[35m (0.7ms)[0m  [1m[36mcommit transaction[0m
  [1m[35m (0.1ms)[0m  [1m[36mbegin transaction[0m
  [1m[36mProduct Create (0.4ms)[0m  [1m[32mINSERT INTO "products" ("name", "price", "description", "image", "created_at", "updated_at") VALUES (?, ?, ?, ?, ?, ?)[0m  [["name", "Awesome Silk Lamp"], ["price", 70], ["description", "Industrial"], ["image", "https://www.nme.com/wp-content/uploads/2019/06/Tool-Download-Festival-2019-6.jpg"], ["created_at", "2020-05-21 19:21:00.093785"], ["updated_at", "2020-05-21 19:21:00.093785"]]
  [1m[35m (0.6ms)[0m  [1m[36mcommit transaction[0m
  [1m[35m (0.0ms)[0m  [1m[36mbegin transaction[0m
  [1m[36mProduct Create (0.4ms)[0m  [1m[32mINSERT INTO "products" ("name", "price", "description", "image", "created_at", "updated_at") VALUES (?, ?, ?, ?, ?, ?)[0m  [["name", "Sleek Copper Lamp"], ["price", 17], ["description", "Beauty & Jewelry"], ["image", "https://www.nme.com/wp-content/uploads/2019/06/Tool-Download-Festival-2019-6.jpg"], ["created_at", "2020-05-21 19:21:00.098066"], ["updated_at", "2020-05-21 19:21:00.098066"]]
  [1m[35m (0.9ms)[0m  [1m[36mcommit transaction[0m
  [1m[35m (0.1ms)[0m  [1m[36mbegin transaction[0m
  [1m[36mProduct Create (0.3ms)[0m  [1m[32mINSERT INTO "products" ("name", "price", "description", "image", "created_at", "updated_at") VALUES (?, ?, ?, ?, ?, ?)[0m  [["name", "Gorgeous Steel Chair"], ["price", 52], ["description", "Tools"], ["image", "https://www.nme.com/wp-content/uploads/2019/06/Tool-Download-Festival-2019-6.jpg"], ["created_at", "2020-05-21 19:21:00.103453"], ["updated_at", "2020-05-21 19:21:00.103453"]]
  [1m[35m (0.6ms)[0m  [1m[36mcommit transaction[0m
  [1m[35m (0.1ms)[0m  [1m[36mbegin transaction[0m
  [1m[36mProduct Create (0.3ms)[0m  [1m[32mINSERT INTO "products" ("name", "price", "description", "image", "created_at", "updated_at") VALUES (?, ?, ?, ?, ?, ?)[0m  [["name", "Durable Aluminum Hat"], ["price", 88], ["description", "Kids, Toys & Industrial"], ["image", "https://www.nme.com/wp-content/uploads/2019/06/Tool-Download-Festival-2019-6.jpg"], ["created_at", "2020-05-21 19:21:00.107372"], ["updated_at", "2020-05-21 19:21:00.107372"]]
  [1m[35m (0.5ms)[0m  [1m[36mcommit transaction[0m
  [1m[35m (0.0ms)[0m  [1m[36mbegin transaction[0m
  [1m[36mProduct Create (0.3ms)[0m  [1m[32mINSERT INTO "products" ("name", "price", "description", "image", "created_at", "updated_at") VALUES (?, ?, ?, ?, ?, ?)[0m  [["name", "Intelligent Granite Car"], ["price", 88], ["description", "Tools"], ["image", "https://www.nme.com/wp-content/uploads/2019/06/Tool-Download-Festival-2019-6.jpg"], ["created_at", "2020-05-21 19:21:00.111400"], ["updated_at", "2020-05-21 19:21:00.111400"]]
  [1m[35m (0.6ms)[0m  [1m[36mcommit transaction[0m
  [1m[35m (0.0ms)[0m  [1m[36mbegin transaction[0m
  [1m[36mProduct Create (0.3ms)[0m  [1m[32mINSERT INTO "products" ("name", "price", "description", "image", "created_at", "updated_at") VALUES (?, ?, ?, ?, ?, ?)[0m  [["name", "Durable Cotton Keyboard"], ["price", 25], ["description", "Electronics & Books"], ["image", "https://www.nme.com/wp-content/uploads/2019/06/Tool-Download-Festival-2019-6.jpg"], ["created_at", "2020-05-21 19:21:00.114870"], ["updated_at", "2020-05-21 19:21:00.114870"]]
  [1m[35m (0.6ms)[0m  [1m[36mcommit transaction[0m
  [1m[35m (0.0ms)[0m  [1m[36mbegin transaction[0m
  [1m[36mProduct Create (0.3ms)[0m  [1m[32mINSERT INTO "products" ("name", "price", "description", "image", "created_at", "updated_at") VALUES (?, ?, ?, ?, ?, ?)[0m  [["name", "Fantastic Steel Pants"], ["price", 53], ["description", "Toys & Games"], ["image", "https://www.nme.com/wp-content/uploads/2019/06/Tool-Download-Festival-2019-6.jpg"], ["created_at", "2020-05-21 19:21:00.118550"], ["updated_at", "2020-05-21 19:21:00.118550"]]
  [1m[35m (0.5ms)[0m  [1m[36mcommit transaction[0m
  [1m[36mUser Load (0.1ms)[0m  [1m[34mSELECT "users".* FROM "users"[0m
  [1m[35m (0.1ms)[0m  [1m[36mbegin transaction[0m
  [1m[36mUser Load (0.1ms)[0m  [1m[34mSELECT "users".* FROM "users" WHERE "users"."id" = ? LIMIT ?[0m  [["id", 18], ["LIMIT", 1]]
  [1m[36mCart Create (0.3ms)[0m  [1m[32mINSERT INTO "carts" ("user_id", "created_at", "updated_at") VALUES (?, ?, ?)[0m  [["user_id", 18], ["created_at", "2020-05-21 19:21:00.140631"], ["updated_at", "2020-05-21 19:21:00.140631"]]
  [1m[35m (0.6ms)[0m  [1m[36mcommit transaction[0m
  [1m[36mUser Load (0.1ms)[0m  [1m[34mSELECT "users".* FROM "users"[0m
  [1m[35m (0.0ms)[0m  [1m[36mbegin transaction[0m
  [1m[36mUser Load (0.1ms)[0m  [1m[34mSELECT "users".* FROM "users" WHERE "users"."id" = ? LIMIT ?[0m  [["id", 18], ["LIMIT", 1]]
  [1m[36mCart Create (0.3ms)[0m  [1m[32mINSERT INTO "carts" ("user_id", "created_at", "updated_at") VALUES (?, ?, ?)[0m  [["user_id", 18], ["created_at", "2020-05-21 19:21:00.146022"], ["updated_at", "2020-05-21 19:21:00.146022"]]
  [1m[35m (0.5ms)[0m  [1m[36mcommit transaction[0m
  [1m[36mUser Load (0.1ms)[0m  [1m[34mSELECT "users".* FROM "users"[0m
  [1m[35m (0.0ms)[0m  [1m[36mbegin transaction[0m
  [1m[36mUser Load (0.1ms)[0m  [1m[34mSELECT "users".* FROM "users" WHERE "users"."id" = ? LIMIT ?[0m  [["id", 18], ["LIMIT", 1]]
  [1m[36mCart Create (0.3ms)[0m  [1m[32mINSERT INTO "carts" ("user_id", "created_at", "updated_at") VALUES (?, ?, ?)[0m  [["user_id", 18], ["created_at", "2020-05-21 19:21:00.151136"], ["updated_at", "2020-05-21 19:21:00.151136"]]
  [1m[35m (0.6ms)[0m  [1m[36mcommit transaction[0m
  [1m[36mUser Load (0.1ms)[0m  [1m[34mSELECT "users".* FROM "users"[0m
  [1m[35m (0.1ms)[0m  [1m[36mbegin transaction[0m
  [1m[36mUser Load (0.1ms)[0m  [1m[34mSELECT "users".* FROM "users" WHERE "users"."id" = ? LIMIT ?[0m  [["id", 15], ["LIMIT", 1]]
  [1m[36mCart Create (0.3ms)[0m  [1m[32mINSERT INTO "carts" ("user_id", "created_at", "updated_at") VALUES (?, ?, ?)[0m  [["user_id", 15], ["created_at", "2020-05-21 19:21:00.157050"], ["updated_at", "2020-05-21 19:21:00.157050"]]
  [1m[35m (0.6ms)[0m  [1m[36mcommit transaction[0m
  [1m[36mUser Load (0.1ms)[0m  [1m[34mSELECT "users".* FROM "users"[0m
  [1m[35m (0.0ms)[0m  [1m[36mbegin transaction[0m
  [1m[36mUser Load (0.1ms)[0m  [1m[34mSELECT "users".* FROM "users" WHERE "users"."id" = ? LIMIT ?[0m  [["id", 14], ["LIMIT", 1]]
  [1m[36mCart Create (0.4ms)[0m  [1m[32mINSERT INTO "carts" ("user_id", "created_at", "updated_at") VALUES (?, ?, ?)[0m  [["user_id", 14], ["created_at", "2020-05-21 19:21:00.162264"], ["updated_at", "2020-05-21 19:21:00.162264"]]
  [1m[35m (0.9ms)[0m  [1m[36mcommit transaction[0m
  [1m[36mUser Load (0.2ms)[0m  [1m[34mSELECT "users".* FROM "users"[0m
  [1m[35m (0.0ms)[0m  [1m[36mbegin transaction[0m
  [1m[36mUser Load (0.1ms)[0m  [1m[34mSELECT "users".* FROM "users" WHERE "users"."id" = ? LIMIT ?[0m  [["id", 17], ["LIMIT", 1]]
  [1m[36mCart Create (0.3ms)[0m  [1m[32mINSERT INTO "carts" ("user_id", "created_at", "updated_at") VALUES (?, ?, ?)[0m  [["user_id", 17], ["created_at", "2020-05-21 19:21:00.169441"], ["updated_at", "2020-05-21 19:21:00.169441"]]
  [1m[35m (0.7ms)[0m  [1m[36mcommit transaction[0m
  [1m[36mUser Load (0.1ms)[0m  [1m[34mSELECT "users".* FROM "users"[0m
  [1m[35m (0.0ms)[0m  [1m[36mbegin transaction[0m
  [1m[36mUser Load (0.1ms)[0m  [1m[34mSELECT "users".* FROM "users" WHERE "users"."id" = ? LIMIT ?[0m  [["id", 14], ["LIMIT", 1]]
  [1m[36mCart Create (0.3ms)[0m  [1m[32mINSERT INTO "carts" ("user_id", "created_at", "updated_at") VALUES (?, ?, ?)[0m  [["user_id", 14], ["created_at", "2020-05-21 19:21:00.174964"], ["updated_at", "2020-05-21 19:21:00.174964"]]
  [1m[35m (0.5ms)[0m  [1m[36mcommit transaction[0m
  [1m[36mUser Load (0.1ms)[0m  [1m[34mSELECT "users".* FROM "users"[0m
  [1m[35m (0.0ms)[0m  [1m[36mbegin transaction[0m
  [1m[36mUser Load (0.1ms)[0m  [1m[34mSELECT "users".* FROM "users" WHERE "users"."id" = ? LIMIT ?[0m  [["id", 12], ["LIMIT", 1]]
  [1m[36mCart Create (0.2ms)[0m  [1m[32mINSERT INTO "carts" ("user_id", "created_at", "updated_at") VALUES (?, ?, ?)[0m  [["user_id", 12], ["created_at", "2020-05-21 19:21:00.179625"], ["updated_at", "2020-05-21 19:21:00.179625"]]
  [1m[35m (0.5ms)[0m  [1m[36mcommit transaction[0m
  [1m[36mUser Load (0.1ms)[0m  [1m[34mSELECT "users".* FROM "users"[0m
  [1m[35m (0.0ms)[0m  [1m[36mbegin transaction[0m
  [1m[36mUser Load (0.1ms)[0m  [1m[34mSELECT "users".* FROM "users" WHERE "users"."id" = ? LIMIT ?[0m  [["id", 15], ["LIMIT", 1]]
  [1m[36mCart Create (0.3ms)[0m  [1m[32mINSERT INTO "carts" ("user_id", "created_at", "updated_at") VALUES (?, ?, ?)[0m  [["user_id", 15], ["created_at", "2020-05-21 19:21:00.184220"], ["updated_at", "2020-05-21 19:21:00.184220"]]
  [1m[35m (0.6ms)[0m  [1m[36mcommit transaction[0m
  [1m[36mUser Load (0.1ms)[0m  [1m[34mSELECT "users".* FROM "users"[0m
  [1m[35m (0.0ms)[0m  [1m[36mbegin transaction[0m
  [1m[36mUser Load (0.1ms)[0m  [1m[34mSELECT "users".* FROM "users" WHERE "users"."id" = ? LIMIT ?[0m  [["id", 20], ["LIMIT", 1]]
  [1m[36mCart Create (0.3ms)[0m  [1m[32mINSERT INTO "carts" ("user_id", "created_at", "updated_at") VALUES (?, ?, ?)[0m  [["user_id", 20], ["created_at", "2020-05-21 19:21:00.189704"], ["updated_at", "2020-05-21 19:21:00.189704"]]
  [1m[35m (0.5ms)[0m  [1m[36mcommit transaction[0m
  [1m[36mProduct Load (0.1ms)[0m  [1m[34mSELECT "products".* FROM "products"[0m
  [1m[36mCart Load (0.1ms)[0m  [1m[34mSELECT "carts".* FROM "carts"[0m
  [1m[35m (0.0ms)[0m  [1m[36mbegin transaction[0m
  [1m[36mProduct Load (0.1ms)[0m  [1m[34mSELECT "products".* FROM "products" WHERE "products"."id" = ? LIMIT ?[0m  [["id", 15], ["LIMIT", 1]]
  [1m[36mCart Load (0.1ms)[0m  [1m[34mSELECT "carts".* FROM "carts" WHERE "carts"."id" = ? LIMIT ?[0m  [["id", 13], ["LIMIT", 1]]
  [1m[36mOrder Create (0.3ms)[0m  [1m[32mINSERT INTO "orders" ("product_id", "cart_id", "created_at", "updated_at") VALUES (?, ?, ?, ?)[0m  [["product_id", 15], ["cart_id", 13], ["created_at", "2020-05-21 19:21:00.197499"], ["updated_at", "2020-05-21 19:21:00.197499"]]
  [1m[35m (0.5ms)[0m  [1m[36mcommit transaction[0m
  [1m[36mProduct Load (0.1ms)[0m  [1m[34mSELECT "products".* FROM "products"[0m
  [1m[36mCart Load (0.1ms)[0m  [1m[34mSELECT "carts".* FROM "carts"[0m
  [1m[35m (0.1ms)[0m  [1m[36mbegin transaction[0m
  [1m[36mProduct Load (0.1ms)[0m  [1m[34mSELECT "products".* FROM "products" WHERE "products"."id" = ? LIMIT ?[0m  [["id", 18], ["LIMIT", 1]]
  [1m[36mCart Load (0.1ms)[0m  [1m[34mSELECT "carts".* FROM "carts" WHERE "carts"."id" = ? LIMIT ?[0m  [["id", 18], ["LIMIT", 1]]
  [1m[36mOrder Create (0.4ms)[0m  [1m[32mINSERT INTO "orders" ("product_id", "cart_id", "created_at", "updated_at") VALUES (?, ?, ?, ?)[0m  [["product_id", 18], ["cart_id", 18], ["created_at", "2020-05-21 19:21:00.205768"], ["updated_at", "2020-05-21 19:21:00.205768"]]
  [1m[35m (0.7ms)[0m  [1m[36mcommit transaction[0m
  [1m[36mProduct Load (0.1ms)[0m  [1m[34mSELECT "products".* FROM "products"[0m
  [1m[36mCart Load (0.1ms)[0m  [1m[34mSELECT "carts".* FROM "carts"[0m
  [1m[35m (0.0ms)[0m  [1m[36mbegin transaction[0m
  [1m[36mProduct Load (0.1ms)[0m  [1m[34mSELECT "products".* FROM "products" WHERE "products"."id" = ? LIMIT ?[0m  [["id", 16], ["LIMIT", 1]]
  [1m[36mCart Load (0.0ms)[0m  [1m[34mSELECT "carts".* FROM "carts" WHERE "carts"."id" = ? LIMIT ?[0m  [["id", 18], ["LIMIT", 1]]
  [1m[36mOrder Create (0.3ms)[0m  [1m[32mINSERT INTO "orders" ("product_id", "cart_id", "created_at", "updated_at") VALUES (?, ?, ?, ?)[0m  [["product_id", 16], ["cart_id", 18], ["created_at", "2020-05-21 19:21:00.213567"], ["updated_at", "2020-05-21 19:21:00.213567"]]
  [1m[35m (0.8ms)[0m  [1m[36mcommit transaction[0m
  [1m[36mProduct Load (0.1ms)[0m  [1m[34mSELECT "products".* FROM "products"[0m
  [1m[36mCart Load (0.1ms)[0m  [1m[34mSELECT "carts".* FROM "carts"[0m
  [1m[35m (0.0ms)[0m  [1m[36mbegin transaction[0m
  [1m[36mProduct Load (0.1ms)[0m  [1m[34mSELECT "products".* FROM "products" WHERE "products"."id" = ? LIMIT ?[0m  [["id", 18], ["LIMIT", 1]]
  [1m[36mCart Load (0.0ms)[0m  [1m[34mSELECT "carts".* FROM "carts" WHERE "carts"."id" = ? LIMIT ?[0m  [["id", 19], ["LIMIT", 1]]
  [1m[36mOrder Create (0.4ms)[0m  [1m[32mINSERT INTO "orders" ("product_id", "cart_id", "created_at", "updated_at") VALUES (?, ?, ?, ?)[0m  [["product_id", 18], ["cart_id", 19], ["created_at", "2020-05-21 19:21:00.221044"], ["updated_at", "2020-05-21 19:21:00.221044"]]
  [1m[35m (0.8ms)[0m  [1m[36mcommit transaction[0m
  [1m[36mProduct Load (0.1ms)[0m  [1m[34mSELECT "products".* FROM "products"[0m
  [1m[36mCart Load (0.1ms)[0m  [1m[34mSELECT "carts".* FROM "carts"[0m
  [1m[35m (0.0ms)[0m  [1m[36mbegin transaction[0m
  [1m[36mProduct Load (0.1ms)[0m  [1m[34mSELECT "products".* FROM "products" WHERE "products"."id" = ? LIMIT ?[0m  [["id", 16], ["LIMIT", 1]]
  [1m[36mCart Load (0.0ms)[0m  [1m[34mSELECT "carts".* FROM "carts" WHERE "carts"."id" = ? LIMIT ?[0m  [["id", 14], ["LIMIT", 1]]
  [1m[36mOrder Create (0.3ms)[0m  [1m[32mINSERT INTO "orders" ("product_id", "cart_id", "created_at", "updated_at") VALUES (?, ?, ?, ?)[0m  [["product_id", 16], ["cart_id", 14], ["created_at", "2020-05-21 19:21:00.235791"], ["updated_at", "2020-05-21 19:21:00.235791"]]
  [1m[35m (0.8ms)[0m  [1m[36mcommit transaction[0m
  [1m[36mProduct Load (0.1ms)[0m  [1m[34mSELECT "products".* FROM "products"[0m
  [1m[36mCart Load (0.1ms)[0m  [1m[34mSELECT "carts".* FROM "carts"[0m
  [1m[35m (0.0ms)[0m  [1m[36mbegin transaction[0m
  [1m[36mProduct Load (0.1ms)[0m  [1m[34mSELECT "products".* FROM "products" WHERE "products"."id" = ? LIMIT ?[0m  [["id", 13], ["LIMIT", 1]]
  [1m[36mCart Load (0.0ms)[0m  [1m[34mSELECT "carts".* FROM "carts" WHERE "carts"."id" = ? LIMIT ?[0m  [["id", 20], ["LIMIT", 1]]
  [1m[36mOrder Create (0.3ms)[0m  [1m[32mINSERT INTO "orders" ("product_id", "cart_id", "created_at", "updated_at") VALUES (?, ?, ?, ?)[0m  [["product_id", 13], ["cart_id", 20], ["created_at", "2020-05-21 19:21:00.243268"], ["updated_at", "2020-05-21 19:21:00.243268"]]
  [1m[35m (0.7ms)[0m  [1m[36mcommit transaction[0m
  [1m[36mProduct Load (0.1ms)[0m  [1m[34mSELECT "products".* FROM "products"[0m
  [1m[36mCart Load (0.1ms)[0m  [1m[34mSELECT "carts".* FROM "carts"[0m
  [1m[35m (0.0ms)[0m  [1m[36mbegin transaction[0m
  [1m[36mProduct Load (0.1ms)[0m  [1m[34mSELECT "products".* FROM "products" WHERE "products"."id" = ? LIMIT ?[0m  [["id", 18], ["LIMIT", 1]]
  [1m[36mCart Load (0.0ms)[0m  [1m[34mSELECT "carts".* FROM "carts" WHERE "carts"."id" = ? LIMIT ?[0m  [["id", 12], ["LIMIT", 1]]
  [1m[36mOrder Create (0.3ms)[0m  [1m[32mINSERT INTO "orders" ("product_id", "cart_id", "created_at", "updated_at") VALUES (?, ?, ?, ?)[0m  [["product_id", 18], ["cart_id", 12], ["created_at", "2020-05-21 19:21:00.250449"], ["updated_at", "2020-05-21 19:21:00.250449"]]
  [1m[35m (0.6ms)[0m  [1m[36mcommit transaction[0m
  [1m[36mProduct Load (0.1ms)[0m  [1m[34mSELECT "products".* FROM "products"[0m
  [1m[36mCart Load (0.1ms)[0m  [1m[34mSELECT "carts".* FROM "carts"[0m
  [1m[35m (0.0ms)[0m  [1m[36mbegin transaction[0m
  [1m[36mProduct Load (0.1ms)[0m  [1m[34mSELECT "products".* FROM "products" WHERE "products"."id" = ? LIMIT ?[0m  [["id", 12], ["LIMIT", 1]]
  [1m[36mCart Load (0.0ms)[0m  [1m[34mSELECT "carts".* FROM "carts" WHERE "carts"."id" = ? LIMIT ?[0m  [["id", 19], ["LIMIT", 1]]
  [1m[36mOrder Create (0.2ms)[0m  [1m[32mINSERT INTO "orders" ("product_id", "cart_id", "created_at", "updated_at") VALUES (?, ?, ?, ?)[0m  [["product_id", 12], ["cart_id", 19], ["created_at", "2020-05-21 19:21:00.256722"], ["updated_at", "2020-05-21 19:21:00.256722"]]
  [1m[35m (0.5ms)[0m  [1m[36mcommit transaction[0m
  [1m[36mProduct Load (0.1ms)[0m  [1m[34mSELECT "products".* FROM "products"[0m
  [1m[36mCart Load (0.1ms)[0m  [1m[34mSELECT "carts".* FROM "carts"[0m
  [1m[35m (0.0ms)[0m  [1m[36mbegin transaction[0m
  [1m[36mProduct Load (0.1ms)[0m  [1m[34mSELECT "products".* FROM "products" WHERE "products"."id" = ? LIMIT ?[0m  [["id", 14], ["LIMIT", 1]]
  [1m[36mCart Load (0.0ms)[0m  [1m[34mSELECT "carts".* FROM "carts" WHERE "carts"."id" = ? LIMIT ?[0m  [["id", 13], ["LIMIT", 1]]
  [1m[36mOrder Create (0.3ms)[0m  [1m[32mINSERT INTO "orders" ("product_id", "cart_id", "created_at", "updated_at") VALUES (?, ?, ?, ?)[0m  [["product_id", 14], ["cart_id", 13], ["created_at", "2020-05-21 19:21:00.263345"], ["updated_at", "2020-05-21 19:21:00.263345"]]
  [1m[35m (0.5ms)[0m  [1m[36mcommit transaction[0m
  [1m[36mProduct Load (0.1ms)[0m  [1m[34mSELECT "products".* FROM "products"[0m
  [1m[36mCart Load (0.1ms)[0m  [1m[34mSELECT "carts".* FROM "carts"[0m
  [1m[35m (0.1ms)[0m  [1m[36mbegin transaction[0m
  [1m[36mProduct Load (0.1ms)[0m  [1m[34mSELECT "products".* FROM "products" WHERE "products"."id" = ? LIMIT ?[0m  [["id", 16], ["LIMIT", 1]]
  [1m[36mCart Load (0.1ms)[0m  [1m[34mSELECT "carts".* FROM "carts" WHERE "carts"."id" = ? LIMIT ?[0m  [["id", 15], ["LIMIT", 1]]
  [1m[36mOrder Create (0.3ms)[0m  [1m[32mINSERT INTO "orders" ("product_id", "cart_id", "created_at", "updated_at") VALUES (?, ?, ?, ?)[0m  [["product_id", 16], ["cart_id", 15], ["created_at", "2020-05-21 19:21:00.270921"], ["updated_at", "2020-05-21 19:21:00.270921"]]
  [1m[35m (0.5ms)[0m  [1m[36mcommit transaction[0m
  [1m[35m (0.5ms)[0m  [1m[34mSELECT sqlite_version(*)[0m
  [1m[36mUser Load (0.2ms)[0m  [1m[34mSELECT "users".* FROM "users"[0m
  [1m[36mCart Load (0.7ms)[0m  [1m[34mSELECT "carts".* FROM "carts" WHERE "carts"."user_id" = ? LIMIT ?[0m  [["user_id", 12], ["LIMIT", 11]]
  [1m[36mUser Load (0.3ms)[0m  [1m[34mSELECT "users".* FROM "users"[0m
  [1m[36mOrder Load (0.3ms)[0m  [1m[34mSELECT "orders".* FROM "orders" INNER JOIN "carts" ON "orders"."cart_id" = "carts"."id" WHERE "carts"."user_id" = ? LIMIT ?[0m  [["user_id", 11], ["LIMIT", 11]]
  [1m[36mUser Load (0.2ms)[0m  [1m[34mSELECT "users".* FROM "users"[0m
  [1m[36mCart Load (0.2ms)[0m  [1m[34mSELECT "carts".* FROM "carts" WHERE "carts"."user_id" = ? ORDER BY "carts"."id" ASC LIMIT ?[0m  [["user_id", 12], ["LIMIT", 1]]
  [1m[36mUser Load (0.2ms)[0m  [1m[34mSELECT "users".* FROM "users"[0m
  [1m[36mCart Load (0.1ms)[0m  [1m[34mSELECT "carts".* FROM "carts" WHERE "carts"."user_id" = ? ORDER BY "carts"."id" ASC LIMIT ?[0m  [["user_id", 12], ["LIMIT", 1]]
  [1m[36mOrder Load (0.2ms)[0m  [1m[34mSELECT "orders".* FROM "orders" WHERE "orders"."cart_id" = ? LIMIT ?[0m  [["cart_id", 18], ["LIMIT", 11]]
